{
  "stats": {
    "suites": 1,
    "tests": 16,
    "passes": 16,
    "pending": 0,
    "failures": 0,
    "start": "2022-05-01T15:36:37.722Z",
    "end": "2022-05-01T15:38:08.567Z",
    "duration": 90845,
    "testsRegistered": 16,
    "passPercent": 100,
    "pendingPercent": 0,
    "other": 0,
    "hasOther": false,
    "skipped": 0,
    "hasSkipped": false
  },
  "results": [
    {
      "uuid": "9f7e0acc-ebd9-4b87-8616-d74eca0b9dbf",
      "title": "",
      "fullFile": "cypress\\integration\\setting\\index.spec.js",
      "file": "cypress\\integration\\setting\\index.spec.js",
      "beforeHooks": [],
      "afterHooks": [],
      "tests": [],
      "suites": [
        {
          "uuid": "7f01c0f9-f800-4f05-bc76-eb62faf051e3",
          "title": "Setting",
          "fullFile": "",
          "file": "",
          "beforeHooks": [],
          "afterHooks": [],
          "tests": [
            {
              "title": "Visits the map4d website and check setting",
              "fullTitle": "Setting Visits the map4d website and check setting",
              "timedOut": null,
              "duration": 8476,
              "state": "passed",
              "speed": "slow",
              "pass": true,
              "fail": false,
              "pending": false,
              "context": null,
              "code": "cy.visit(\"https://map.map4d.vn/\");\ncy.get('.jss12').find('button.MuiButtonBase-root').eq(0).click('center');\ncy.get('ul[aria-label=\"Menu Setting\"]').find('div.jss475:nth-child(2)').eq(0).click('center');\ncy.contains('Tùy chọn hiển thị');",
              "err": {},
              "uuid": "2e51f736-eae5-404f-8a97-9029fb73bd8c",
              "parentUUID": "7f01c0f9-f800-4f05-bc76-eb62faf051e3",
              "isHook": false,
              "skipped": false
            },
            {
              "title": "Visits the map4d website and check auto button in weather",
              "fullTitle": "Setting Visits the map4d website and check auto button in weather",
              "timedOut": null,
              "duration": 9062,
              "state": "passed",
              "speed": "slow",
              "pass": true,
              "fail": false,
              "pending": false,
              "context": null,
              "code": "cy.visit(\"https://map.map4d.vn/\");\ncy.get('.jss12').find('button.MuiButtonBase-root').eq(0).click('center');\ncy.get('ul[aria-label=\"Menu Setting\"]').find('div.jss475:nth-child(2)').eq(0).click('center');\ncy.get('div[aria-label=\"text alignment\"]').find('button[value=\"4\"]').click();\ncy.contains(\"Đóng\").click();",
              "err": {},
              "uuid": "d720a9ad-bc11-403b-b1c7-f4809288ae53",
              "parentUUID": "7f01c0f9-f800-4f05-bc76-eb62faf051e3",
              "isHook": false,
              "skipped": false
            },
            {
              "title": "Visits the map4d website and check sun button in weather",
              "fullTitle": "Setting Visits the map4d website and check sun button in weather",
              "timedOut": null,
              "duration": 3198,
              "state": "passed",
              "speed": "slow",
              "pass": true,
              "fail": false,
              "pending": false,
              "context": null,
              "code": "cy.visit(\"https://map.map4d.vn/\");\ncy.get('.jss12').find('button.MuiButtonBase-root').eq(0).click('center');\ncy.get('ul[aria-label=\"Menu Setting\"]').find('div.jss475:nth-child(2)').eq(0).click('center');\ncy.get('div[aria-label=\"text alignment\"]').find('button[value=\"2\"]').click();\ncy.contains(\"Đóng\").click();",
              "err": {},
              "uuid": "854a0e4e-3c20-4f45-a6c7-b75218f2692c",
              "parentUUID": "7f01c0f9-f800-4f05-bc76-eb62faf051e3",
              "isHook": false,
              "skipped": false
            },
            {
              "title": "Visits the map4d website and check rain button in weather",
              "fullTitle": "Setting Visits the map4d website and check rain button in weather",
              "timedOut": null,
              "duration": 4246,
              "state": "passed",
              "speed": "slow",
              "pass": true,
              "fail": false,
              "pending": false,
              "context": null,
              "code": "cy.visit(\"https://map.map4d.vn/\");\ncy.get('.jss12').find('button.MuiButtonBase-root').eq(0).click('center');\ncy.get('ul[aria-label=\"Menu Setting\"]').find('div.jss475:nth-child(2)').eq(0).click('center');\ncy.get('div[aria-label=\"text alignment\"]').find('button[value=\"0\"]').click();\ncy.contains(\"Đóng\").click();",
              "err": {},
              "uuid": "63f50fb7-611d-407a-bd0a-8e0e487dcc55",
              "parentUUID": "7f01c0f9-f800-4f05-bc76-eb62faf051e3",
              "isHook": false,
              "skipped": false
            },
            {
              "title": "Visits the map4d website and check snow button in weather",
              "fullTitle": "Setting Visits the map4d website and check snow button in weather",
              "timedOut": null,
              "duration": 4530,
              "state": "passed",
              "speed": "slow",
              "pass": true,
              "fail": false,
              "pending": false,
              "context": null,
              "code": "cy.visit(\"https://map.map4d.vn/\");\ncy.get('.jss12').find('button.MuiButtonBase-root').eq(0).click('center');\ncy.get('ul[aria-label=\"Menu Setting\"]').find('div.jss475:nth-child(2)').eq(0).click('center');\ncy.get('div[aria-label=\"text alignment\"]').find('button[value=\"1\"]').click();\ncy.contains(\"Đóng\").click();",
              "err": {},
              "uuid": "62a8fee8-0663-404b-ae1e-3059d0be55a4",
              "parentUUID": "7f01c0f9-f800-4f05-bc76-eb62faf051e3",
              "isHook": false,
              "skipped": false
            },
            {
              "title": "Visits the map4d website and check auto button in time",
              "fullTitle": "Setting Visits the map4d website and check auto button in time",
              "timedOut": null,
              "duration": 4412,
              "state": "passed",
              "speed": "slow",
              "pass": true,
              "fail": false,
              "pending": false,
              "context": null,
              "code": "cy.visit(\"https://map.map4d.vn/\");\ncy.get('.jss12').find('button.MuiButtonBase-root').eq(0).click('center');\ncy.get('ul[aria-label=\"Menu Setting\"]').find('div.jss475:nth-child(2)').eq(0).click('center');\ncy.get('img[src=\"/mapAppRoot/icon/settingEffectIcon/adjust.svg\"]').eq(1).click('center');\ncy.contains(\"Đóng\").click();",
              "err": {},
              "uuid": "4b804785-8285-4870-9a50-d3c7fbd1c8cc",
              "parentUUID": "7f01c0f9-f800-4f05-bc76-eb62faf051e3",
              "isHook": false,
              "skipped": false
            },
            {
              "title": "Visits the map4d website and check morning button in time",
              "fullTitle": "Setting Visits the map4d website and check morning button in time",
              "timedOut": null,
              "duration": 4760,
              "state": "passed",
              "speed": "slow",
              "pass": true,
              "fail": false,
              "pending": false,
              "context": null,
              "code": "cy.visit(\"https://map.map4d.vn/\");\ncy.get('.jss12').find('button.MuiButtonBase-root').eq(0).click('center');\ncy.get('ul[aria-label=\"Menu Setting\"]').find('div.jss475:nth-child(2)').eq(0).click('center');\ncy.xpath('/html/body/div[3]/div[3]/div/div[2]/div[2]/div[3]').find('button[value=\"1\"]').click();\ncy.contains(\"Đóng\").click();",
              "err": {},
              "uuid": "a588e105-9add-4694-9061-c0eea5600201",
              "parentUUID": "7f01c0f9-f800-4f05-bc76-eb62faf051e3",
              "isHook": false,
              "skipped": false
            },
            {
              "title": "Visits the map4d website and check lunch button in time",
              "fullTitle": "Setting Visits the map4d website and check lunch button in time",
              "timedOut": null,
              "duration": 4827,
              "state": "passed",
              "speed": "slow",
              "pass": true,
              "fail": false,
              "pending": false,
              "context": null,
              "code": "cy.visit(\"https://map.map4d.vn/\");\ncy.get('.jss12').find('button.MuiButtonBase-root').eq(0).click('center');\ncy.get('ul[aria-label=\"Menu Setting\"]').find('div.jss475:nth-child(2)').eq(0).click('center');\ncy.xpath('/html/body/div[3]/div[3]/div/div[2]/div[2]/div[3]').find('button[value=\"2\"]').click();\ncy.contains(\"Đóng\").click();",
              "err": {},
              "uuid": "2320ca18-22fd-4348-a8b2-2ac90b64568a",
              "parentUUID": "7f01c0f9-f800-4f05-bc76-eb62faf051e3",
              "isHook": false,
              "skipped": false
            },
            {
              "title": "Visits the map4d website and check afternoon button in time",
              "fullTitle": "Setting Visits the map4d website and check afternoon button in time",
              "timedOut": null,
              "duration": 4538,
              "state": "passed",
              "speed": "slow",
              "pass": true,
              "fail": false,
              "pending": false,
              "context": null,
              "code": "cy.visit(\"https://map.map4d.vn/\");\ncy.get('.jss12').find('button.MuiButtonBase-root').eq(0).click('center');\ncy.get('ul[aria-label=\"Menu Setting\"]').find('div.jss475:nth-child(2)').eq(0).click('center');\ncy.xpath('/html/body/div[3]/div[3]/div/div[2]/div[2]/div[3]').find('button[value=\"3\"]').click();\ncy.contains(\"Đóng\").click();",
              "err": {},
              "uuid": "018b8af5-841c-488c-97ff-ecafaa680d7b",
              "parentUUID": "7f01c0f9-f800-4f05-bc76-eb62faf051e3",
              "isHook": false,
              "skipped": false
            },
            {
              "title": "Visits the map4d website and check night button in time",
              "fullTitle": "Setting Visits the map4d website and check night button in time",
              "timedOut": null,
              "duration": 3451,
              "state": "passed",
              "speed": "slow",
              "pass": true,
              "fail": false,
              "pending": false,
              "context": null,
              "code": "cy.visit(\"https://map.map4d.vn/\");\ncy.get('.jss12').find('button.MuiButtonBase-root').eq(0).click('center');\ncy.get('ul[aria-label=\"Menu Setting\"]').find('div.jss475:nth-child(2)').eq(0).click('center');\ncy.xpath('/html/body/div[3]/div[3]/div/div[2]/div[2]/div[3]').find('button[value=\"4\"]').click();\ncy.contains(\"Đóng\").click();",
              "err": {},
              "uuid": "8abcdb73-9e30-4530-90cf-2ff9c20bc336",
              "parentUUID": "7f01c0f9-f800-4f05-bc76-eb62faf051e3",
              "isHook": false,
              "skipped": false
            },
            {
              "title": "Visits the map4d website and check shadow",
              "fullTitle": "Setting Visits the map4d website and check shadow",
              "timedOut": null,
              "duration": 4875,
              "state": "passed",
              "speed": "slow",
              "pass": true,
              "fail": false,
              "pending": false,
              "context": null,
              "code": "cy.visit(\"https://map.map4d.vn/\");\ncy.get('.jss12').find('button.MuiButtonBase-root').eq(0).click('center');\ncy.get('ul[aria-label=\"Menu Setting\"]').find('div.jss475:nth-child(2)').eq(0).click('center');\ncy.xpath('/html/body/div[3]/div[3]/div/div[2]/div[3]/div/div/label[1]').click();\ncy.contains(\"Đóng\").click();",
              "err": {},
              "uuid": "cccdb647-c11a-4369-a794-bbb2962394a2",
              "parentUUID": "7f01c0f9-f800-4f05-bc76-eb62faf051e3",
              "isHook": false,
              "skipped": false
            },
            {
              "title": "Visits the map4d website and check weather effect",
              "fullTitle": "Setting Visits the map4d website and check weather effect",
              "timedOut": null,
              "duration": 4653,
              "state": "passed",
              "speed": "slow",
              "pass": true,
              "fail": false,
              "pending": false,
              "context": null,
              "code": "cy.visit(\"https://map.map4d.vn/\");\ncy.get('.jss12').find('button.MuiButtonBase-root').eq(0).click('center');\ncy.get('ul[aria-label=\"Menu Setting\"]').find('div.jss475:nth-child(2)').eq(0).click('center');\ncy.xpath('/html/body/div[3]/div[3]/div/div[2]/div[3]/div/div/label[2]').click();\ncy.contains(\"Đóng\").click();",
              "err": {},
              "uuid": "bafe394a-9986-416c-83e3-e12c0beeea89",
              "parentUUID": "7f01c0f9-f800-4f05-bc76-eb62faf051e3",
              "isHook": false,
              "skipped": false
            },
            {
              "title": "Visits the map4d website and check 3D model",
              "fullTitle": "Setting Visits the map4d website and check 3D model",
              "timedOut": null,
              "duration": 10250,
              "state": "passed",
              "speed": "slow",
              "pass": true,
              "fail": false,
              "pending": false,
              "context": null,
              "code": "cy.visit(\"https://map.map4d.vn/\");\ncy.get('.jss12').find('button.MuiButtonBase-root').eq(0).click('center');\ncy.get('ul[aria-label=\"Menu Setting\"]').find('div.jss475:nth-child(2)').eq(0).click('center');\ncy.xpath('/html/body/div[3]/div[3]/div/div[2]/div[3]/div/div/label[3]').click();\ncy.contains(\"Đóng\").click();",
              "err": {},
              "uuid": "ccf5b046-6237-4a40-8381-66f004d08a3e",
              "parentUUID": "7f01c0f9-f800-4f05-bc76-eb62faf051e3",
              "isHook": false,
              "skipped": false
            },
            {
              "title": "Visits the map4d website and check walter effect",
              "fullTitle": "Setting Visits the map4d website and check walter effect",
              "timedOut": null,
              "duration": 4176,
              "state": "passed",
              "speed": "slow",
              "pass": true,
              "fail": false,
              "pending": false,
              "context": null,
              "code": "cy.visit(\"https://map.map4d.vn/\");\ncy.get('.jss12').find('button.MuiButtonBase-root').eq(0).click('center');\ncy.get('ul[aria-label=\"Menu Setting\"]').find('div.jss475:nth-child(2)').eq(0).click('center');\ncy.xpath('/html/body/div[3]/div[3]/div/div[2]/div[3]/div/div/label[4]').click();\ncy.contains(\"Đóng\").click();",
              "err": {},
              "uuid": "7359a10e-cf11-4af0-8477-de8acd751a6d",
              "parentUUID": "7f01c0f9-f800-4f05-bc76-eb62faf051e3",
              "isHook": false,
              "skipped": false
            },
            {
              "title": "Visits the map4d website and check POI",
              "fullTitle": "Setting Visits the map4d website and check POI",
              "timedOut": null,
              "duration": 4135,
              "state": "passed",
              "speed": "slow",
              "pass": true,
              "fail": false,
              "pending": false,
              "context": null,
              "code": "cy.visit(\"https://map.map4d.vn/\");\ncy.get('.jss12').find('button.MuiButtonBase-root').eq(0).click('center');\ncy.get('ul[aria-label=\"Menu Setting\"]').find('div.jss475:nth-child(2)').eq(0).click('center');\ncy.xpath('/html/body/div[3]/div[3]/div/div[2]/div[3]/div/div/label[5]').click();\ncy.contains(\"Đóng\").click();",
              "err": {},
              "uuid": "f29b92c0-868a-46b3-bc25-b49486e49c70",
              "parentUUID": "7f01c0f9-f800-4f05-bc76-eb62faf051e3",
              "isHook": false,
              "skipped": false
            },
            {
              "title": "Visits the map4d website and check close button",
              "fullTitle": "Setting Visits the map4d website and check close button",
              "timedOut": null,
              "duration": 4511,
              "state": "passed",
              "speed": "slow",
              "pass": true,
              "fail": false,
              "pending": false,
              "context": null,
              "code": "cy.visit(\"https://map.map4d.vn/\");\ncy.get('.jss12').find('button.MuiButtonBase-root').eq(0).click('center');\ncy.get('ul[aria-label=\"Menu Setting\"]').find('div.jss475:nth-child(2)').eq(0).click('center');\ncy.contains(\"Đóng\").click();",
              "err": {},
              "uuid": "5e4a5006-1270-4ff7-b08a-81f582b6e82f",
              "parentUUID": "7f01c0f9-f800-4f05-bc76-eb62faf051e3",
              "isHook": false,
              "skipped": false
            }
          ],
          "suites": [],
          "passes": [
            "2e51f736-eae5-404f-8a97-9029fb73bd8c",
            "d720a9ad-bc11-403b-b1c7-f4809288ae53",
            "854a0e4e-3c20-4f45-a6c7-b75218f2692c",
            "63f50fb7-611d-407a-bd0a-8e0e487dcc55",
            "62a8fee8-0663-404b-ae1e-3059d0be55a4",
            "4b804785-8285-4870-9a50-d3c7fbd1c8cc",
            "a588e105-9add-4694-9061-c0eea5600201",
            "2320ca18-22fd-4348-a8b2-2ac90b64568a",
            "018b8af5-841c-488c-97ff-ecafaa680d7b",
            "8abcdb73-9e30-4530-90cf-2ff9c20bc336",
            "cccdb647-c11a-4369-a794-bbb2962394a2",
            "bafe394a-9986-416c-83e3-e12c0beeea89",
            "ccf5b046-6237-4a40-8381-66f004d08a3e",
            "7359a10e-cf11-4af0-8477-de8acd751a6d",
            "f29b92c0-868a-46b3-bc25-b49486e49c70",
            "5e4a5006-1270-4ff7-b08a-81f582b6e82f"
          ],
          "failures": [],
          "pending": [],
          "skipped": [],
          "duration": 84100,
          "root": false,
          "rootEmpty": false,
          "_timeout": 2000
        }
      ],
      "passes": [],
      "failures": [],
      "pending": [],
      "skipped": [],
      "duration": 0,
      "root": true,
      "rootEmpty": true,
      "_timeout": 2000
    }
  ],
  "meta": {
    "mocha": {
      "version": "7.1.1"
    },
    "mochawesome": {
      "options": {
        "quiet": false,
        "reportFilename": "mochawesome",
        "saveHtml": false,
        "saveJson": true,
        "consoleReporter": "spec",
        "useInlineDiffs": false,
        "code": true
      },
      "version": "5.0.0"
    },
    "marge": {
      "options": {
        "overwrite": false,
        "html": false,
        "json": true
      },
      "version": "4.1.0"
    }
  }
}