{
  "stats": {
    "suites": 1,
    "tests": 13,
    "passes": 13,
    "pending": 0,
    "failures": 0,
    "start": "2022-05-01T15:38:38.006Z",
    "end": "2022-05-01T15:39:47.440Z",
    "duration": 69434,
    "testsRegistered": 13,
    "passPercent": 100,
    "pendingPercent": 0,
    "other": 0,
    "hasOther": false,
    "skipped": 0,
    "hasSkipped": false
  },
  "results": [
    {
      "uuid": "6d9850f5-614e-4423-9d17-c467f4d2a27a",
      "title": "",
      "fullFile": "cypress\\integration\\sign-in\\index.spec.js",
      "file": "cypress\\integration\\sign-in\\index.spec.js",
      "beforeHooks": [],
      "afterHooks": [],
      "tests": [],
      "suites": [
        {
          "uuid": "b80f7b0f-485f-42ca-9eb5-445cf1842401",
          "title": "Sign-in",
          "fullFile": "",
          "file": "",
          "beforeHooks": [],
          "afterHooks": [],
          "tests": [
            {
              "title": "Visits the map4d website and check login page",
              "fullTitle": "Sign-in Visits the map4d website and check login page",
              "timedOut": null,
              "duration": 7944,
              "state": "passed",
              "speed": "slow",
              "pass": true,
              "fail": false,
              "pending": false,
              "context": null,
              "code": "cy.visit(\"https://map.map4d.vn/\");\ncy.contains('Đăng nhập').click();\ncy.contains('Register');",
              "err": {},
              "uuid": "a971baec-a7ed-4afc-962d-cb12505b2620",
              "parentUUID": "b80f7b0f-485f-42ca-9eb5-445cf1842401",
              "isHook": false,
              "skipped": false
            },
            {
              "title": "Visits the map4d website and check login page switch language",
              "fullTitle": "Sign-in Visits the map4d website and check login page switch language",
              "timedOut": null,
              "duration": 11033,
              "state": "passed",
              "speed": "slow",
              "pass": true,
              "fail": false,
              "pending": false,
              "context": null,
              "code": "cy.visit(\"https://map.map4d.vn/\");\ncy.contains('Đăng nhập').click();\ncy.contains('English');",
              "err": {},
              "uuid": "9f1b807d-6052-4c9b-baba-c906e379de90",
              "parentUUID": "b80f7b0f-485f-42ca-9eb5-445cf1842401",
              "isHook": false,
              "skipped": false
            },
            {
              "title": "Visits the map4d website and check login page switch language",
              "fullTitle": "Sign-in Visits the map4d website and check login page switch language",
              "timedOut": null,
              "duration": 2112,
              "state": "passed",
              "speed": "slow",
              "pass": true,
              "fail": false,
              "pending": false,
              "context": null,
              "code": "cy.visit(\"https://map.map4d.vn/\");\ncy.contains('Đăng nhập').click();\ncy.contains('English');\ncy.contains('Vietnamese');",
              "err": {},
              "uuid": "f18cc4c6-afbe-4a2b-990e-4efee905d0d5",
              "parentUUID": "b80f7b0f-485f-42ca-9eb5-445cf1842401",
              "isHook": false,
              "skipped": false
            },
            {
              "title": "Visits the map4d website and check login page switch language",
              "fullTitle": "Sign-in Visits the map4d website and check login page switch language",
              "timedOut": null,
              "duration": 3119,
              "state": "passed",
              "speed": "slow",
              "pass": true,
              "fail": false,
              "pending": false,
              "context": null,
              "code": "cy.visit(\"https://map.map4d.vn/\");\ncy.contains('Đăng nhập').click();\ncy.contains('English');\ncy.contains('Vietnamese');",
              "err": {},
              "uuid": "049f9d56-d332-4c8b-a725-058ccb160088",
              "parentUUID": "b80f7b0f-485f-42ca-9eb5-445cf1842401",
              "isHook": false,
              "skipped": false
            },
            {
              "title": "Visits the map4d website and check login page switch language",
              "fullTitle": "Sign-in Visits the map4d website and check login page switch language",
              "timedOut": null,
              "duration": 2972,
              "state": "passed",
              "speed": "slow",
              "pass": true,
              "fail": false,
              "pending": false,
              "context": null,
              "code": "cy.visit(\"https://map.map4d.vn/\");\ncy.contains('Đăng nhập').click();\ncy.contains(\"a\", \"English\").realHover('mouse').then(function ($el) {\n  cy.wrap($el).invoke('show');\n  cy.wrap($el).xpath('//*[@id=\"kc-locale-dropdown\"]/ul/li[1]/a').click({\n    force: true\n  });\n});",
              "err": {},
              "uuid": "1c434dfd-eb33-4de9-920a-0119cf6b590a",
              "parentUUID": "b80f7b0f-485f-42ca-9eb5-445cf1842401",
              "isHook": false,
              "skipped": false
            },
            {
              "title": "Visits the map4d website and check login page switch language",
              "fullTitle": "Sign-in Visits the map4d website and check login page switch language",
              "timedOut": null,
              "duration": 3480,
              "state": "passed",
              "speed": "slow",
              "pass": true,
              "fail": false,
              "pending": false,
              "context": null,
              "code": "cy.visit(\"https://map.map4d.vn/\");\ncy.contains('Đăng nhập').click();\ncy.contains(\"a\", \"English\").realHover('mouse').then(function ($el) {\n  cy.wrap($el).invoke('show');\n  cy.wrap($el).xpath('//*[@id=\"kc-locale-dropdown\"]/ul/li[1]/a').click({\n    force: true\n  });\n});\ncy.wait(1000);\ncy.contains(\"a\", \"Tiếng Việt\").realHover('mouse').then(function ($el) {\n  cy.wrap($el).invoke('show');\n  cy.wrap($el).xpath('//*[@id=\"kc-locale-dropdown\"]/ul/li[2]/a').click({\n    force: true\n  });\n});\ncy.contains('Register');",
              "err": {},
              "uuid": "7b97c2af-9f07-43a2-8b32-ca8eca5b7c39",
              "parentUUID": "b80f7b0f-485f-42ca-9eb5-445cf1842401",
              "isHook": false,
              "skipped": false
            },
            {
              "title": "Visits the map4d website and check login page login failed",
              "fullTitle": "Sign-in Visits the map4d website and check login page login failed",
              "timedOut": null,
              "duration": 5794,
              "state": "passed",
              "speed": "slow",
              "pass": true,
              "fail": false,
              "pending": false,
              "context": null,
              "code": "cy.visit(\"https://map.map4d.vn/\");\ncy.contains('Đăng nhập').click();\ncy.xpath('//*[@id=\"username\"]').type('phamhonghanh2500@gmail.com');\ncy.xpath('//*[@id=\"password\"]').type('Phh!@#02052000');\ncy.xpath('//*[@id=\"kc-login\"]').click();\ncy.contains('Invalid username or password.');",
              "err": {},
              "uuid": "7a6a2f92-33f4-4f94-a7c7-fdd2ed8f1ae5",
              "parentUUID": "b80f7b0f-485f-42ca-9eb5-445cf1842401",
              "isHook": false,
              "skipped": false
            },
            {
              "title": "Visits the map4d website and check login page login failed",
              "fullTitle": "Sign-in Visits the map4d website and check login page login failed",
              "timedOut": null,
              "duration": 5150,
              "state": "passed",
              "speed": "slow",
              "pass": true,
              "fail": false,
              "pending": false,
              "context": null,
              "code": "cy.visit(\"https://map.map4d.vn/\");\ncy.contains('Đăng nhập').click();\ncy.xpath('//*[@id=\"username\"]').type('phamhonghanh2500@gmail.com');\ncy.xpath('//*[@id=\"kc-login\"]').click();\ncy.contains('Invalid username or password.');",
              "err": {},
              "uuid": "1ab85977-383a-49bb-84c2-70849d082808",
              "parentUUID": "b80f7b0f-485f-42ca-9eb5-445cf1842401",
              "isHook": false,
              "skipped": false
            },
            {
              "title": "Visits the map4d website and check login page login failed",
              "fullTitle": "Sign-in Visits the map4d website and check login page login failed",
              "timedOut": null,
              "duration": 3847,
              "state": "passed",
              "speed": "slow",
              "pass": true,
              "fail": false,
              "pending": false,
              "context": null,
              "code": "cy.visit(\"https://map.map4d.vn/\");\ncy.contains('Đăng nhập').click();\ncy.xpath('//*[@id=\"password\"]').type('Phh!@#02052000');\ncy.xpath('//*[@id=\"kc-login\"]').click();\ncy.contains('Invalid username or password.');",
              "err": {},
              "uuid": "d423228f-9491-4686-917e-1240526aceb2",
              "parentUUID": "b80f7b0f-485f-42ca-9eb5-445cf1842401",
              "isHook": false,
              "skipped": false
            },
            {
              "title": "Visits the map4d website and check login page login success",
              "fullTitle": "Sign-in Visits the map4d website and check login page login success",
              "timedOut": null,
              "duration": 5402,
              "state": "passed",
              "speed": "slow",
              "pass": true,
              "fail": false,
              "pending": false,
              "context": null,
              "code": "cy.visit(\"https://map.map4d.vn/\");\ncy.contains('Đăng nhập').click();\ncy.xpath('//*[@id=\"username\"]').type('phamhonghanh2500@gmail.com');\ncy.xpath('//*[@id=\"password\"]').type('honghanh020500hhp');\ncy.xpath('//*[@id=\"kc-login\"]').click();\ncy.url().should('include', 'map.map4d.vn');",
              "err": {},
              "uuid": "159802ef-04e2-4141-9144-c3321647fb55",
              "parentUUID": "b80f7b0f-485f-42ca-9eb5-445cf1842401",
              "isHook": false,
              "skipped": false
            },
            {
              "title": "Visits the map4d website and check login page forgot password",
              "fullTitle": "Sign-in Visits the map4d website and check login page forgot password",
              "timedOut": null,
              "duration": 4669,
              "state": "passed",
              "speed": "slow",
              "pass": true,
              "fail": false,
              "pending": false,
              "context": null,
              "code": "cy.visit(\"https://map.map4d.vn/\");\ncy.contains('Đăng nhập').click();\ncy.contains('Forgot Password?').click();\ncy.xpath('//*[@id=\"username\"]').type('abc');\ncy.xpath('//*[@id=\"kc-form-buttons\"]/input').click();\ncy.contains('You should receive an email shortly with further instructions.');",
              "err": {},
              "uuid": "fd9e9e41-a15e-496d-8bbc-3a62568d7b2f",
              "parentUUID": "b80f7b0f-485f-42ca-9eb5-445cf1842401",
              "isHook": false,
              "skipped": false
            },
            {
              "title": "Visits the map4d website and check login page forgot password",
              "fullTitle": "Sign-in Visits the map4d website and check login page forgot password",
              "timedOut": null,
              "duration": 6680,
              "state": "passed",
              "speed": "slow",
              "pass": true,
              "fail": false,
              "pending": false,
              "context": null,
              "code": "cy.visit(\"https://map.map4d.vn/\");\ncy.contains('Đăng nhập').click();\ncy.contains('Forgot Password?').click();\ncy.xpath('//*[@id=\"username\"]').type('phamhonghanh2500@gmail.com');\ncy.xpath('//*[@id=\"kc-form-buttons\"]/input').click();\ncy.contains('You should receive an email shortly with further instructions.');",
              "err": {},
              "uuid": "363f55ec-5b7f-407c-9709-daf25c0ea4a1",
              "parentUUID": "b80f7b0f-485f-42ca-9eb5-445cf1842401",
              "isHook": false,
              "skipped": false
            },
            {
              "title": "Visits the map4d website and check login page forgot password",
              "fullTitle": "Sign-in Visits the map4d website and check login page forgot password",
              "timedOut": null,
              "duration": 3268,
              "state": "passed",
              "speed": "slow",
              "pass": true,
              "fail": false,
              "pending": false,
              "context": null,
              "code": "cy.visit(\"https://map.map4d.vn/\");\ncy.contains('Đăng nhập').click();\ncy.contains('Forgot Password?').click();\ncy.xpath('//*[@id=\"kc-form-options\"]/div/span/a').click();\ncy.contains('Register');",
              "err": {},
              "uuid": "1745b50d-d6dc-4e4d-a9db-2a2d9d1e56b8",
              "parentUUID": "b80f7b0f-485f-42ca-9eb5-445cf1842401",
              "isHook": false,
              "skipped": false
            }
          ],
          "suites": [],
          "passes": [
            "a971baec-a7ed-4afc-962d-cb12505b2620",
            "9f1b807d-6052-4c9b-baba-c906e379de90",
            "f18cc4c6-afbe-4a2b-990e-4efee905d0d5",
            "049f9d56-d332-4c8b-a725-058ccb160088",
            "1c434dfd-eb33-4de9-920a-0119cf6b590a",
            "7b97c2af-9f07-43a2-8b32-ca8eca5b7c39",
            "7a6a2f92-33f4-4f94-a7c7-fdd2ed8f1ae5",
            "1ab85977-383a-49bb-84c2-70849d082808",
            "d423228f-9491-4686-917e-1240526aceb2",
            "159802ef-04e2-4141-9144-c3321647fb55",
            "fd9e9e41-a15e-496d-8bbc-3a62568d7b2f",
            "363f55ec-5b7f-407c-9709-daf25c0ea4a1",
            "1745b50d-d6dc-4e4d-a9db-2a2d9d1e56b8"
          ],
          "failures": [],
          "pending": [],
          "skipped": [],
          "duration": 65470,
          "root": false,
          "rootEmpty": false,
          "_timeout": 2000
        }
      ],
      "passes": [],
      "failures": [],
      "pending": [],
      "skipped": [],
      "duration": 0,
      "root": true,
      "rootEmpty": true,
      "_timeout": 2000
    }
  ],
  "meta": {
    "mocha": {
      "version": "7.1.1"
    },
    "mochawesome": {
      "options": {
        "quiet": false,
        "reportFilename": "mochawesome",
        "saveHtml": false,
        "saveJson": true,
        "consoleReporter": "spec",
        "useInlineDiffs": false,
        "code": true
      },
      "version": "5.0.0"
    },
    "marge": {
      "options": {
        "overwrite": false,
        "html": false,
        "json": true
      },
      "version": "4.1.0"
    }
  }
}