{
  "stats": {
    "suites": 1,
    "tests": 6,
    "passes": 6,
    "pending": 0,
    "failures": 0,
    "start": "2022-05-01T17:22:36.661Z",
    "end": "2022-05-01T17:23:16.437Z",
    "duration": 39776,
    "testsRegistered": 6,
    "passPercent": 100,
    "pendingPercent": 0,
    "other": 0,
    "hasOther": false,
    "skipped": 0,
    "hasSkipped": false
  },
  "results": [
    {
      "uuid": "7c28d107-ea72-41ce-bac2-860236a729e5",
      "title": "",
      "fullFile": "cypress\\integration\\search\\index.spec.js",
      "file": "cypress\\integration\\search\\index.spec.js",
      "beforeHooks": [],
      "afterHooks": [],
      "tests": [],
      "suites": [
        {
          "uuid": "43bafaff-6635-4258-97fb-edaed28dd353",
          "title": "Searching",
          "fullFile": "",
          "file": "",
          "beforeHooks": [],
          "afterHooks": [],
          "tests": [
            {
              "title": "Visits the map4d website and check it done",
              "fullTitle": "Searching Visits the map4d website and check it done",
              "timedOut": null,
              "duration": 4778,
              "state": "passed",
              "speed": "slow",
              "pass": true,
              "fail": false,
              "pending": false,
              "context": null,
              "code": "cy.visit(\"https://map.map4d.vn/\");\ncy.contains('Đăng nhập');",
              "err": {},
              "uuid": "c9e26535-6e1c-41ce-8f1c-e3cfd6b32266",
              "parentUUID": "43bafaff-6635-4258-97fb-edaed28dd353",
              "isHook": false,
              "skipped": false
            },
            {
              "title": "Visits the map4d website and check search '230 nguyễn công hoan'",
              "fullTitle": "Searching Visits the map4d website and check search '230 nguyễn công hoan'",
              "timedOut": null,
              "duration": 4209,
              "state": "passed",
              "speed": "slow",
              "pass": true,
              "fail": false,
              "pending": false,
              "context": null,
              "code": "cy.visit(\"https://map.map4d.vn/\");\ncy.xpath('//*[@id=\"root\"]/div/div[2]/div/div[1]/div[1]/div/input').type('230 nguyễn công hoan');\ncy.xpath('//*[@id=\"root\"]/div/div[2]/div/div[1]/div[1]/button[2]').click();\ncy.xpath('//*[@id=\"root\"]/div/div[2]/div/div[2]/div/div[1]/ul/div[1]/div[2]/p[1]').contains('230 Nguyễn Công Hoan');",
              "err": {},
              "uuid": "4328e3ff-91d7-4353-809d-9cadd593123b",
              "parentUUID": "43bafaff-6635-4258-97fb-edaed28dd353",
              "isHook": false,
              "skipped": false
            },
            {
              "title": "Visits the map4d website and check search 'Case coffee'",
              "fullTitle": "Searching Visits the map4d website and check search 'Case coffee'",
              "timedOut": null,
              "duration": 7185,
              "state": "passed",
              "speed": "slow",
              "pass": true,
              "fail": false,
              "pending": false,
              "context": null,
              "code": "cy.visit(\"https://map.map4d.vn/\");\ncy.xpath('//*[@id=\"root\"]/div/div[2]/div/div[1]/div[1]/div/input').type('Case coffee');\ncy.xpath('//*[@id=\"root\"]/div/div[2]/div/div[1]/div[1]/button[2]').click();\ncy.wait(500);\ncy.xpath('//*[@id=\"root\"]/div/div[2]/div/div[2]/div/div[1]/ul/div').contains('Không tìm thấy kết quả \"Case coffee\" ở khu vực hiện tại');",
              "err": {},
              "uuid": "a9e7e5af-fdfd-476e-9062-de63e6c5fce7",
              "parentUUID": "43bafaff-6635-4258-97fb-edaed28dd353",
              "isHook": false,
              "skipped": false
            },
            {
              "title": "Visits the map4d website and check search '230 hàm NGHI'",
              "fullTitle": "Searching Visits the map4d website and check search '230 hàm NGHI'",
              "timedOut": null,
              "duration": 8216,
              "state": "passed",
              "speed": "slow",
              "pass": true,
              "fail": false,
              "pending": false,
              "context": null,
              "code": "cy.visit(\"https://map.map4d.vn/\");\ncy.xpath('//*[@id=\"root\"]/div/div[2]/div/div[1]/div[1]/div/input').type('230 hàm NGHI');\ncy.xpath('//*[@id=\"root\"]/div/div[2]/div/div[1]/div[1]/button[2]').click();\ncy.wait(500);\ncy.xpath('//*[@id=\"root\"]/div/div[2]/div/div[2]/div/div[1]/ul/div[1]/div[2]/p[1]').contains('230 P. Hàm Nghi');",
              "err": {},
              "uuid": "30784fa8-f9d6-4f75-bf0e-b5fab7665a0e",
              "parentUUID": "43bafaff-6635-4258-97fb-edaed28dd353",
              "isHook": false,
              "skipped": false
            },
            {
              "title": "Visits the map4d website and check search '230 ham nghi'",
              "fullTitle": "Searching Visits the map4d website and check search '230 ham nghi'",
              "timedOut": null,
              "duration": 5751,
              "state": "passed",
              "speed": "slow",
              "pass": true,
              "fail": false,
              "pending": false,
              "context": null,
              "code": "cy.visit(\"https://map.map4d.vn/\");\ncy.xpath('//*[@id=\"root\"]/div/div[2]/div/div[1]/div[1]/div/input').type('230 ham nghi');\ncy.xpath('//*[@id=\"root\"]/div/div[2]/div/div[1]/div[1]/button[2]').click();\ncy.wait(500);\ncy.xpath('//*[@id=\"root\"]/div/div[2]/div/div[2]/div/div[1]/ul/div[1]/div[2]/p[1]').contains('230 P. Hàm Nghi');",
              "err": {},
              "uuid": "ab9d931e-9461-4a22-9983-2b3f99568515",
              "parentUUID": "43bafaff-6635-4258-97fb-edaed28dd353",
              "isHook": false,
              "skipped": false
            },
            {
              "title": "Visits the map4d website and check search ' 230 ham nghi '",
              "fullTitle": "Searching Visits the map4d website and check search ' 230 ham nghi '",
              "timedOut": null,
              "duration": 5075,
              "state": "passed",
              "speed": "slow",
              "pass": true,
              "fail": false,
              "pending": false,
              "context": null,
              "code": "cy.visit(\"https://map.map4d.vn/\");\ncy.xpath('//*[@id=\"root\"]/div/div[2]/div/div[1]/div[1]/div/input').type(' 230 ham nghi ');\ncy.xpath('//*[@id=\"root\"]/div/div[2]/div/div[1]/div[1]/button[2]').click();\ncy.wait(500);\ncy.xpath('//*[@id=\"root\"]/div/div[2]/div/div[2]/div/div[1]/ul/div[1]/div[2]/p[1]').contains('230 P. Hàm Nghi');",
              "err": {},
              "uuid": "e54b930c-20d2-49ba-980b-c743525014e5",
              "parentUUID": "43bafaff-6635-4258-97fb-edaed28dd353",
              "isHook": false,
              "skipped": false
            }
          ],
          "suites": [],
          "passes": [
            "c9e26535-6e1c-41ce-8f1c-e3cfd6b32266",
            "4328e3ff-91d7-4353-809d-9cadd593123b",
            "a9e7e5af-fdfd-476e-9062-de63e6c5fce7",
            "30784fa8-f9d6-4f75-bf0e-b5fab7665a0e",
            "ab9d931e-9461-4a22-9983-2b3f99568515",
            "e54b930c-20d2-49ba-980b-c743525014e5"
          ],
          "failures": [],
          "pending": [],
          "skipped": [],
          "duration": 35214,
          "root": false,
          "rootEmpty": false,
          "_timeout": 2000
        }
      ],
      "passes": [],
      "failures": [],
      "pending": [],
      "skipped": [],
      "duration": 0,
      "root": true,
      "rootEmpty": true,
      "_timeout": 2000
    }
  ],
  "meta": {
    "mocha": {
      "version": "7.1.1"
    },
    "mochawesome": {
      "options": {
        "quiet": false,
        "reportFilename": "mochawesome",
        "saveHtml": false,
        "saveJson": true,
        "consoleReporter": "spec",
        "useInlineDiffs": false,
        "code": true
      },
      "version": "5.0.0"
    },
    "marge": {
      "options": {
        "overwrite": false,
        "html": false,
        "json": true
      },
      "version": "4.1.0"
    }
  }
}