{
  "stats": {
    "suites": 1,
    "tests": 16,
    "passes": 16,
    "pending": 0,
    "failures": 0,
    "start": "2022-05-01T17:23:27.218Z",
    "end": "2022-05-01T17:24:25.387Z",
    "duration": 58169,
    "testsRegistered": 16,
    "passPercent": 100,
    "pendingPercent": 0,
    "other": 0,
    "hasOther": false,
    "skipped": 0,
    "hasSkipped": false
  },
  "results": [
    {
      "uuid": "ac351e5a-209b-4af5-ab51-d8bf155a6c22",
      "title": "",
      "fullFile": "cypress\\integration\\setting\\index.spec.js",
      "file": "cypress\\integration\\setting\\index.spec.js",
      "beforeHooks": [],
      "afterHooks": [],
      "tests": [],
      "suites": [
        {
          "uuid": "a730cb62-48f3-4221-935d-b024c0e67a04",
          "title": "Setting",
          "fullFile": "",
          "file": "",
          "beforeHooks": [],
          "afterHooks": [],
          "tests": [
            {
              "title": "Visits the map4d website and check setting",
              "fullTitle": "Setting Visits the map4d website and check setting",
              "timedOut": null,
              "duration": 3871,
              "state": "passed",
              "speed": "slow",
              "pass": true,
              "fail": false,
              "pending": false,
              "context": null,
              "code": "cy.visit(\"https://map.map4d.vn/\");\ncy.get('.jss12').find('button.MuiButtonBase-root').eq(0).click('center');\ncy.get('ul[aria-label=\"Menu Setting\"]').find('div.jss475:nth-child(2)').eq(0).click('center');\ncy.contains('Tùy chọn hiển thị');",
              "err": {},
              "uuid": "af3fe162-562b-41e5-b239-88e09ce4a359",
              "parentUUID": "a730cb62-48f3-4221-935d-b024c0e67a04",
              "isHook": false,
              "skipped": false
            },
            {
              "title": "Visits the map4d website and check auto button in weather",
              "fullTitle": "Setting Visits the map4d website and check auto button in weather",
              "timedOut": null,
              "duration": 2241,
              "state": "passed",
              "speed": "slow",
              "pass": true,
              "fail": false,
              "pending": false,
              "context": null,
              "code": "cy.visit(\"https://map.map4d.vn/\");\ncy.get('.jss12').find('button.MuiButtonBase-root').eq(0).click('center');\ncy.get('ul[aria-label=\"Menu Setting\"]').find('div.jss475:nth-child(2)').eq(0).click('center');\ncy.get('div[aria-label=\"text alignment\"]').find('button[value=\"4\"]').click();\ncy.contains(\"Đóng\").click();",
              "err": {},
              "uuid": "bf9da90b-f2b5-4902-955a-2e9b3eeaf48c",
              "parentUUID": "a730cb62-48f3-4221-935d-b024c0e67a04",
              "isHook": false,
              "skipped": false
            },
            {
              "title": "Visits the map4d website and check sun button in weather",
              "fullTitle": "Setting Visits the map4d website and check sun button in weather",
              "timedOut": null,
              "duration": 2004,
              "state": "passed",
              "speed": "slow",
              "pass": true,
              "fail": false,
              "pending": false,
              "context": null,
              "code": "cy.visit(\"https://map.map4d.vn/\");\ncy.get('.jss12').find('button.MuiButtonBase-root').eq(0).click('center');\ncy.get('ul[aria-label=\"Menu Setting\"]').find('div.jss475:nth-child(2)').eq(0).click('center');\ncy.get('div[aria-label=\"text alignment\"]').find('button[value=\"2\"]').click();\ncy.contains(\"Đóng\").click();",
              "err": {},
              "uuid": "9a6b7ba8-c54d-459f-8f8d-d9d92c25d01e",
              "parentUUID": "a730cb62-48f3-4221-935d-b024c0e67a04",
              "isHook": false,
              "skipped": false
            },
            {
              "title": "Visits the map4d website and check rain button in weather",
              "fullTitle": "Setting Visits the map4d website and check rain button in weather",
              "timedOut": null,
              "duration": 3538,
              "state": "passed",
              "speed": "slow",
              "pass": true,
              "fail": false,
              "pending": false,
              "context": null,
              "code": "cy.visit(\"https://map.map4d.vn/\");\ncy.get('.jss12').find('button.MuiButtonBase-root').eq(0).click('center');\ncy.get('ul[aria-label=\"Menu Setting\"]').find('div.jss475:nth-child(2)').eq(0).click('center');\ncy.get('div[aria-label=\"text alignment\"]').find('button[value=\"0\"]').click();\ncy.contains(\"Đóng\").click();",
              "err": {},
              "uuid": "4cb9d6b3-1367-42d2-bfac-2c661f6fc506",
              "parentUUID": "a730cb62-48f3-4221-935d-b024c0e67a04",
              "isHook": false,
              "skipped": false
            },
            {
              "title": "Visits the map4d website and check snow button in weather",
              "fullTitle": "Setting Visits the map4d website and check snow button in weather",
              "timedOut": null,
              "duration": 6596,
              "state": "passed",
              "speed": "slow",
              "pass": true,
              "fail": false,
              "pending": false,
              "context": null,
              "code": "cy.visit(\"https://map.map4d.vn/\");\ncy.get('.jss12').find('button.MuiButtonBase-root').eq(0).click('center');\ncy.get('ul[aria-label=\"Menu Setting\"]').find('div.jss475:nth-child(2)').eq(0).click('center');\ncy.get('div[aria-label=\"text alignment\"]').find('button[value=\"1\"]').click();\ncy.contains(\"Đóng\").click();",
              "err": {},
              "uuid": "605ea6d7-bb57-49d8-af26-ce48a1937b8a",
              "parentUUID": "a730cb62-48f3-4221-935d-b024c0e67a04",
              "isHook": false,
              "skipped": false
            },
            {
              "title": "Visits the map4d website and check auto button in time",
              "fullTitle": "Setting Visits the map4d website and check auto button in time",
              "timedOut": null,
              "duration": 6737,
              "state": "passed",
              "speed": "slow",
              "pass": true,
              "fail": false,
              "pending": false,
              "context": null,
              "code": "cy.visit(\"https://map.map4d.vn/\");\ncy.get('.jss12').find('button.MuiButtonBase-root').eq(0).click('center');\ncy.get('ul[aria-label=\"Menu Setting\"]').find('div.jss475:nth-child(2)').eq(0).click('center');\ncy.get('img[src=\"/mapAppRoot/icon/settingEffectIcon/adjust.svg\"]').eq(1).click('center');\ncy.contains(\"Đóng\").click();",
              "err": {},
              "uuid": "4456fbc9-dee3-4bb4-9a89-61c01078530b",
              "parentUUID": "a730cb62-48f3-4221-935d-b024c0e67a04",
              "isHook": false,
              "skipped": false
            },
            {
              "title": "Visits the map4d website and check morning button in time",
              "fullTitle": "Setting Visits the map4d website and check morning button in time",
              "timedOut": null,
              "duration": 3598,
              "state": "passed",
              "speed": "slow",
              "pass": true,
              "fail": false,
              "pending": false,
              "context": null,
              "code": "cy.visit(\"https://map.map4d.vn/\");\ncy.get('.jss12').find('button.MuiButtonBase-root').eq(0).click('center');\ncy.get('ul[aria-label=\"Menu Setting\"]').find('div.jss475:nth-child(2)').eq(0).click('center');\ncy.xpath('/html/body/div[3]/div[3]/div/div[2]/div[2]/div[3]').find('button[value=\"1\"]').click();\ncy.contains(\"Đóng\").click();",
              "err": {},
              "uuid": "82d022ff-28a3-4abe-a2c7-6d88ee95d85e",
              "parentUUID": "a730cb62-48f3-4221-935d-b024c0e67a04",
              "isHook": false,
              "skipped": false
            },
            {
              "title": "Visits the map4d website and check lunch button in time",
              "fullTitle": "Setting Visits the map4d website and check lunch button in time",
              "timedOut": null,
              "duration": 2287,
              "state": "passed",
              "speed": "slow",
              "pass": true,
              "fail": false,
              "pending": false,
              "context": null,
              "code": "cy.visit(\"https://map.map4d.vn/\");\ncy.get('.jss12').find('button.MuiButtonBase-root').eq(0).click('center');\ncy.get('ul[aria-label=\"Menu Setting\"]').find('div.jss475:nth-child(2)').eq(0).click('center');\ncy.xpath('/html/body/div[3]/div[3]/div/div[2]/div[2]/div[3]').find('button[value=\"2\"]').click();\ncy.contains(\"Đóng\").click();",
              "err": {},
              "uuid": "bac16726-6c29-4e00-8603-152e503e3f36",
              "parentUUID": "a730cb62-48f3-4221-935d-b024c0e67a04",
              "isHook": false,
              "skipped": false
            },
            {
              "title": "Visits the map4d website and check afternoon button in time",
              "fullTitle": "Setting Visits the map4d website and check afternoon button in time",
              "timedOut": null,
              "duration": 1822,
              "state": "passed",
              "speed": "slow",
              "pass": true,
              "fail": false,
              "pending": false,
              "context": null,
              "code": "cy.visit(\"https://map.map4d.vn/\");\ncy.get('.jss12').find('button.MuiButtonBase-root').eq(0).click('center');\ncy.get('ul[aria-label=\"Menu Setting\"]').find('div.jss475:nth-child(2)').eq(0).click('center');\ncy.xpath('/html/body/div[3]/div[3]/div/div[2]/div[2]/div[3]').find('button[value=\"3\"]').click();\ncy.contains(\"Đóng\").click();",
              "err": {},
              "uuid": "4dff78e6-e147-415f-94f5-69d85b5eb20e",
              "parentUUID": "a730cb62-48f3-4221-935d-b024c0e67a04",
              "isHook": false,
              "skipped": false
            },
            {
              "title": "Visits the map4d website and check night button in time",
              "fullTitle": "Setting Visits the map4d website and check night button in time",
              "timedOut": null,
              "duration": 2938,
              "state": "passed",
              "speed": "slow",
              "pass": true,
              "fail": false,
              "pending": false,
              "context": null,
              "code": "cy.visit(\"https://map.map4d.vn/\");\ncy.get('.jss12').find('button.MuiButtonBase-root').eq(0).click('center');\ncy.get('ul[aria-label=\"Menu Setting\"]').find('div.jss475:nth-child(2)').eq(0).click('center');\ncy.xpath('/html/body/div[3]/div[3]/div/div[2]/div[2]/div[3]').find('button[value=\"4\"]').click();\ncy.contains(\"Đóng\").click();",
              "err": {},
              "uuid": "13d31a09-9292-483c-abd4-de345040730a",
              "parentUUID": "a730cb62-48f3-4221-935d-b024c0e67a04",
              "isHook": false,
              "skipped": false
            },
            {
              "title": "Visits the map4d website and check shadow",
              "fullTitle": "Setting Visits the map4d website and check shadow",
              "timedOut": null,
              "duration": 2528,
              "state": "passed",
              "speed": "slow",
              "pass": true,
              "fail": false,
              "pending": false,
              "context": null,
              "code": "cy.visit(\"https://map.map4d.vn/\");\ncy.get('.jss12').find('button.MuiButtonBase-root').eq(0).click('center');\ncy.get('ul[aria-label=\"Menu Setting\"]').find('div.jss475:nth-child(2)').eq(0).click('center');\ncy.xpath('/html/body/div[3]/div[3]/div/div[2]/div[3]/div/div/label[1]').click();\ncy.contains(\"Đóng\").click();",
              "err": {},
              "uuid": "c2552efe-a554-41f2-a932-de3d07695fe0",
              "parentUUID": "a730cb62-48f3-4221-935d-b024c0e67a04",
              "isHook": false,
              "skipped": false
            },
            {
              "title": "Visits the map4d website and check weather effect",
              "fullTitle": "Setting Visits the map4d website and check weather effect",
              "timedOut": null,
              "duration": 4135,
              "state": "passed",
              "speed": "slow",
              "pass": true,
              "fail": false,
              "pending": false,
              "context": null,
              "code": "cy.visit(\"https://map.map4d.vn/\");\ncy.get('.jss12').find('button.MuiButtonBase-root').eq(0).click('center');\ncy.get('ul[aria-label=\"Menu Setting\"]').find('div.jss475:nth-child(2)').eq(0).click('center');\ncy.xpath('/html/body/div[3]/div[3]/div/div[2]/div[3]/div/div/label[2]').click();\ncy.contains(\"Đóng\").click();",
              "err": {},
              "uuid": "d2fadbb1-c437-46e0-934b-b3927a21efc4",
              "parentUUID": "a730cb62-48f3-4221-935d-b024c0e67a04",
              "isHook": false,
              "skipped": false
            },
            {
              "title": "Visits the map4d website and check 3D model",
              "fullTitle": "Setting Visits the map4d website and check 3D model",
              "timedOut": null,
              "duration": 3452,
              "state": "passed",
              "speed": "slow",
              "pass": true,
              "fail": false,
              "pending": false,
              "context": null,
              "code": "cy.visit(\"https://map.map4d.vn/\");\ncy.get('.jss12').find('button.MuiButtonBase-root').eq(0).click('center');\ncy.get('ul[aria-label=\"Menu Setting\"]').find('div.jss475:nth-child(2)').eq(0).click('center');\ncy.xpath('/html/body/div[3]/div[3]/div/div[2]/div[3]/div/div/label[3]').click();\ncy.contains(\"Đóng\").click();",
              "err": {},
              "uuid": "60a41a0b-6949-427d-824d-a56002f608b3",
              "parentUUID": "a730cb62-48f3-4221-935d-b024c0e67a04",
              "isHook": false,
              "skipped": false
            },
            {
              "title": "Visits the map4d website and check walter effect",
              "fullTitle": "Setting Visits the map4d website and check walter effect",
              "timedOut": null,
              "duration": 2568,
              "state": "passed",
              "speed": "slow",
              "pass": true,
              "fail": false,
              "pending": false,
              "context": null,
              "code": "cy.visit(\"https://map.map4d.vn/\");\ncy.get('.jss12').find('button.MuiButtonBase-root').eq(0).click('center');\ncy.get('ul[aria-label=\"Menu Setting\"]').find('div.jss475:nth-child(2)').eq(0).click('center');\ncy.xpath('/html/body/div[3]/div[3]/div/div[2]/div[3]/div/div/label[4]').click();\ncy.contains(\"Đóng\").click();",
              "err": {},
              "uuid": "504b3dee-0c52-4820-99ac-48a3a0f3f5f1",
              "parentUUID": "a730cb62-48f3-4221-935d-b024c0e67a04",
              "isHook": false,
              "skipped": false
            },
            {
              "title": "Visits the map4d website and check POI",
              "fullTitle": "Setting Visits the map4d website and check POI",
              "timedOut": null,
              "duration": 3751,
              "state": "passed",
              "speed": "slow",
              "pass": true,
              "fail": false,
              "pending": false,
              "context": null,
              "code": "cy.visit(\"https://map.map4d.vn/\");\ncy.get('.jss12').find('button.MuiButtonBase-root').eq(0).click('center');\ncy.get('ul[aria-label=\"Menu Setting\"]').find('div.jss475:nth-child(2)').eq(0).click('center');\ncy.xpath('/html/body/div[3]/div[3]/div/div[2]/div[3]/div/div/label[5]').click();\ncy.contains(\"Đóng\").click();",
              "err": {},
              "uuid": "54ae5575-13a4-4552-943e-a1d69f2b23d7",
              "parentUUID": "a730cb62-48f3-4221-935d-b024c0e67a04",
              "isHook": false,
              "skipped": false
            },
            {
              "title": "Visits the map4d website and check close button",
              "fullTitle": "Setting Visits the map4d website and check close button",
              "timedOut": null,
              "duration": 2877,
              "state": "passed",
              "speed": "slow",
              "pass": true,
              "fail": false,
              "pending": false,
              "context": null,
              "code": "cy.visit(\"https://map.map4d.vn/\");\ncy.get('.jss12').find('button.MuiButtonBase-root').eq(0).click('center');\ncy.get('ul[aria-label=\"Menu Setting\"]').find('div.jss475:nth-child(2)').eq(0).click('center');\ncy.contains(\"Đóng\").click();",
              "err": {},
              "uuid": "78fb6b57-320a-4f77-903d-486ba4149a14",
              "parentUUID": "a730cb62-48f3-4221-935d-b024c0e67a04",
              "isHook": false,
              "skipped": false
            }
          ],
          "suites": [],
          "passes": [
            "af3fe162-562b-41e5-b239-88e09ce4a359",
            "bf9da90b-f2b5-4902-955a-2e9b3eeaf48c",
            "9a6b7ba8-c54d-459f-8f8d-d9d92c25d01e",
            "4cb9d6b3-1367-42d2-bfac-2c661f6fc506",
            "605ea6d7-bb57-49d8-af26-ce48a1937b8a",
            "4456fbc9-dee3-4bb4-9a89-61c01078530b",
            "82d022ff-28a3-4abe-a2c7-6d88ee95d85e",
            "bac16726-6c29-4e00-8603-152e503e3f36",
            "4dff78e6-e147-415f-94f5-69d85b5eb20e",
            "13d31a09-9292-483c-abd4-de345040730a",
            "c2552efe-a554-41f2-a932-de3d07695fe0",
            "d2fadbb1-c437-46e0-934b-b3927a21efc4",
            "60a41a0b-6949-427d-824d-a56002f608b3",
            "504b3dee-0c52-4820-99ac-48a3a0f3f5f1",
            "54ae5575-13a4-4552-943e-a1d69f2b23d7",
            "78fb6b57-320a-4f77-903d-486ba4149a14"
          ],
          "failures": [],
          "pending": [],
          "skipped": [],
          "duration": 54943,
          "root": false,
          "rootEmpty": false,
          "_timeout": 2000
        }
      ],
      "passes": [],
      "failures": [],
      "pending": [],
      "skipped": [],
      "duration": 0,
      "root": true,
      "rootEmpty": true,
      "_timeout": 2000
    }
  ],
  "meta": {
    "mocha": {
      "version": "7.1.1"
    },
    "mochawesome": {
      "options": {
        "quiet": false,
        "reportFilename": "mochawesome",
        "saveHtml": false,
        "saveJson": true,
        "consoleReporter": "spec",
        "useInlineDiffs": false,
        "code": true
      },
      "version": "5.0.0"
    },
    "marge": {
      "options": {
        "overwrite": false,
        "html": false,
        "json": true
      },
      "version": "4.1.0"
    }
  }
}