{
  "stats": {
    "suites": 1,
    "tests": 13,
    "passes": 13,
    "pending": 0,
    "failures": 0,
    "start": "2022-05-01T17:24:40.545Z",
    "end": "2022-05-01T17:25:25.286Z",
    "duration": 44741,
    "testsRegistered": 13,
    "passPercent": 100,
    "pendingPercent": 0,
    "other": 0,
    "hasOther": false,
    "skipped": 0,
    "hasSkipped": false
  },
  "results": [
    {
      "uuid": "3c4074ef-c22f-4cba-8c79-10a549512419",
      "title": "",
      "fullFile": "cypress\\integration\\sign-in\\index.spec.js",
      "file": "cypress\\integration\\sign-in\\index.spec.js",
      "beforeHooks": [],
      "afterHooks": [],
      "tests": [],
      "suites": [
        {
          "uuid": "6695ef84-0cf0-4036-9651-ae6031ca6f13",
          "title": "Sign-in",
          "fullFile": "",
          "file": "",
          "beforeHooks": [],
          "afterHooks": [],
          "tests": [
            {
              "title": "Visits the map4d website and check login page",
              "fullTitle": "Sign-in Visits the map4d website and check login page",
              "timedOut": null,
              "duration": 5111,
              "state": "passed",
              "speed": "slow",
              "pass": true,
              "fail": false,
              "pending": false,
              "context": null,
              "code": "cy.visit(\"https://map.map4d.vn/\");\ncy.contains('Đăng nhập').click();\ncy.contains('Register');",
              "err": {},
              "uuid": "f51c375d-6474-4b74-b25c-5143cb4eebcb",
              "parentUUID": "6695ef84-0cf0-4036-9651-ae6031ca6f13",
              "isHook": false,
              "skipped": false
            },
            {
              "title": "Visits the map4d website and check login page switch language",
              "fullTitle": "Sign-in Visits the map4d website and check login page switch language",
              "timedOut": null,
              "duration": 2590,
              "state": "passed",
              "speed": "slow",
              "pass": true,
              "fail": false,
              "pending": false,
              "context": null,
              "code": "cy.visit(\"https://map.map4d.vn/\");\ncy.contains('Đăng nhập').click();\ncy.contains('English');",
              "err": {},
              "uuid": "587a3682-f7f4-43a4-93de-97e16eff04b5",
              "parentUUID": "6695ef84-0cf0-4036-9651-ae6031ca6f13",
              "isHook": false,
              "skipped": false
            },
            {
              "title": "Visits the map4d website and check login page switch language",
              "fullTitle": "Sign-in Visits the map4d website and check login page switch language",
              "timedOut": null,
              "duration": 1861,
              "state": "passed",
              "speed": "slow",
              "pass": true,
              "fail": false,
              "pending": false,
              "context": null,
              "code": "cy.visit(\"https://map.map4d.vn/\");\ncy.contains('Đăng nhập').click();\ncy.contains('English');\ncy.contains('Vietnamese');",
              "err": {},
              "uuid": "e28d7e41-7d71-497a-aead-ca5264893530",
              "parentUUID": "6695ef84-0cf0-4036-9651-ae6031ca6f13",
              "isHook": false,
              "skipped": false
            },
            {
              "title": "Visits the map4d website and check login page switch language",
              "fullTitle": "Sign-in Visits the map4d website and check login page switch language",
              "timedOut": null,
              "duration": 1539,
              "state": "passed",
              "speed": "slow",
              "pass": true,
              "fail": false,
              "pending": false,
              "context": null,
              "code": "cy.visit(\"https://map.map4d.vn/\");\ncy.contains('Đăng nhập').click();\ncy.contains('English');\ncy.contains('Vietnamese');",
              "err": {},
              "uuid": "d6c75426-e852-4c6f-bc66-d29d6fc70e92",
              "parentUUID": "6695ef84-0cf0-4036-9651-ae6031ca6f13",
              "isHook": false,
              "skipped": false
            },
            {
              "title": "Visits the map4d website and check login page switch language",
              "fullTitle": "Sign-in Visits the map4d website and check login page switch language",
              "timedOut": null,
              "duration": 1521,
              "state": "passed",
              "speed": "slow",
              "pass": true,
              "fail": false,
              "pending": false,
              "context": null,
              "code": "cy.visit(\"https://map.map4d.vn/\");\ncy.contains('Đăng nhập').click();\ncy.contains(\"a\", \"English\").realHover('mouse').then(function ($el) {\n  cy.wrap($el).invoke('show');\n  cy.wrap($el).xpath('//*[@id=\"kc-locale-dropdown\"]/ul/li[1]/a').click({\n    force: true\n  });\n});",
              "err": {},
              "uuid": "f319ce13-f3dd-480b-b5a9-30035bbb6179",
              "parentUUID": "6695ef84-0cf0-4036-9651-ae6031ca6f13",
              "isHook": false,
              "skipped": false
            },
            {
              "title": "Visits the map4d website and check login page switch language",
              "fullTitle": "Sign-in Visits the map4d website and check login page switch language",
              "timedOut": null,
              "duration": 3110,
              "state": "passed",
              "speed": "slow",
              "pass": true,
              "fail": false,
              "pending": false,
              "context": null,
              "code": "cy.visit(\"https://map.map4d.vn/\");\ncy.contains('Đăng nhập').click();\ncy.contains(\"a\", \"English\").realHover('mouse').then(function ($el) {\n  cy.wrap($el).invoke('show');\n  cy.wrap($el).xpath('//*[@id=\"kc-locale-dropdown\"]/ul/li[1]/a').click({\n    force: true\n  });\n});\ncy.wait(1000);\ncy.contains(\"a\", \"Tiếng Việt\").realHover('mouse').then(function ($el) {\n  cy.wrap($el).invoke('show');\n  cy.wrap($el).xpath('//*[@id=\"kc-locale-dropdown\"]/ul/li[2]/a').click({\n    force: true\n  });\n});\ncy.contains('Register');",
              "err": {},
              "uuid": "05138949-ce26-4564-a976-256c6d98fe50",
              "parentUUID": "6695ef84-0cf0-4036-9651-ae6031ca6f13",
              "isHook": false,
              "skipped": false
            },
            {
              "title": "Visits the map4d website and check login page login failed",
              "fullTitle": "Sign-in Visits the map4d website and check login page login failed",
              "timedOut": null,
              "duration": 3609,
              "state": "passed",
              "speed": "slow",
              "pass": true,
              "fail": false,
              "pending": false,
              "context": null,
              "code": "cy.visit(\"https://map.map4d.vn/\");\ncy.contains('Đăng nhập').click();\ncy.xpath('//*[@id=\"username\"]').type('phamhonghanh2500@gmail.com');\ncy.xpath('//*[@id=\"password\"]').type('Phh!@#02052000');\ncy.xpath('//*[@id=\"kc-login\"]').click();\ncy.contains('Invalid username or password.');",
              "err": {},
              "uuid": "4b94922e-3141-4b1d-9dc3-ce5583027d7e",
              "parentUUID": "6695ef84-0cf0-4036-9651-ae6031ca6f13",
              "isHook": false,
              "skipped": false
            },
            {
              "title": "Visits the map4d website and check login page login failed",
              "fullTitle": "Sign-in Visits the map4d website and check login page login failed",
              "timedOut": null,
              "duration": 2065,
              "state": "passed",
              "speed": "slow",
              "pass": true,
              "fail": false,
              "pending": false,
              "context": null,
              "code": "cy.visit(\"https://map.map4d.vn/\");\ncy.contains('Đăng nhập').click();\ncy.xpath('//*[@id=\"username\"]').type('phamhonghanh2500@gmail.com');\ncy.xpath('//*[@id=\"kc-login\"]').click();\ncy.contains('Invalid username or password.');",
              "err": {},
              "uuid": "c6f2922b-17ca-456d-95e0-f5b49a8771ef",
              "parentUUID": "6695ef84-0cf0-4036-9651-ae6031ca6f13",
              "isHook": false,
              "skipped": false
            },
            {
              "title": "Visits the map4d website and check login page login failed",
              "fullTitle": "Sign-in Visits the map4d website and check login page login failed",
              "timedOut": null,
              "duration": 1849,
              "state": "passed",
              "speed": "slow",
              "pass": true,
              "fail": false,
              "pending": false,
              "context": null,
              "code": "cy.visit(\"https://map.map4d.vn/\");\ncy.contains('Đăng nhập').click();\ncy.xpath('//*[@id=\"password\"]').type('Phh!@#02052000');\ncy.xpath('//*[@id=\"kc-login\"]').click();\ncy.contains('Invalid username or password.');",
              "err": {},
              "uuid": "5eecbe65-5cf6-4191-84d4-2c562ddb4474",
              "parentUUID": "6695ef84-0cf0-4036-9651-ae6031ca6f13",
              "isHook": false,
              "skipped": false
            },
            {
              "title": "Visits the map4d website and check login page login success",
              "fullTitle": "Sign-in Visits the map4d website and check login page login success",
              "timedOut": null,
              "duration": 4771,
              "state": "passed",
              "speed": "slow",
              "pass": true,
              "fail": false,
              "pending": false,
              "context": null,
              "code": "cy.visit(\"https://map.map4d.vn/\");\ncy.contains('Đăng nhập').click();\ncy.xpath('//*[@id=\"username\"]').type('phamhonghanh2500@gmail.com');\ncy.xpath('//*[@id=\"password\"]').type('honghanh020500hhp');\ncy.xpath('//*[@id=\"kc-login\"]').click();\ncy.url().should('include', 'map.map4d.vn');",
              "err": {},
              "uuid": "2fa802fa-3ccc-4126-887e-862ce5dfd0c8",
              "parentUUID": "6695ef84-0cf0-4036-9651-ae6031ca6f13",
              "isHook": false,
              "skipped": false
            },
            {
              "title": "Visits the map4d website and check login page forgot password",
              "fullTitle": "Sign-in Visits the map4d website and check login page forgot password",
              "timedOut": null,
              "duration": 6832,
              "state": "passed",
              "speed": "slow",
              "pass": true,
              "fail": false,
              "pending": false,
              "context": null,
              "code": "cy.visit(\"https://map.map4d.vn/\");\ncy.contains('Đăng nhập').click();\ncy.contains('Forgot Password?').click();\ncy.xpath('//*[@id=\"username\"]').type('abc');\ncy.xpath('//*[@id=\"kc-form-buttons\"]/input').click();\ncy.contains('You should receive an email shortly with further instructions.');",
              "err": {},
              "uuid": "e3a34eed-d57a-4971-8f21-e917439478b0",
              "parentUUID": "6695ef84-0cf0-4036-9651-ae6031ca6f13",
              "isHook": false,
              "skipped": false
            },
            {
              "title": "Visits the map4d website and check login page forgot password",
              "fullTitle": "Sign-in Visits the map4d website and check login page forgot password",
              "timedOut": null,
              "duration": 5109,
              "state": "passed",
              "speed": "slow",
              "pass": true,
              "fail": false,
              "pending": false,
              "context": null,
              "code": "cy.visit(\"https://map.map4d.vn/\");\ncy.contains('Đăng nhập').click();\ncy.contains('Forgot Password?').click();\ncy.xpath('//*[@id=\"username\"]').type('phamhonghanh2500@gmail.com');\ncy.xpath('//*[@id=\"kc-form-buttons\"]/input').click();\ncy.contains('You should receive an email shortly with further instructions.');",
              "err": {},
              "uuid": "f61ffb7d-a7ee-4b57-ad6c-85685cfd0e01",
              "parentUUID": "6695ef84-0cf0-4036-9651-ae6031ca6f13",
              "isHook": false,
              "skipped": false
            },
            {
              "title": "Visits the map4d website and check login page forgot password",
              "fullTitle": "Sign-in Visits the map4d website and check login page forgot password",
              "timedOut": null,
              "duration": 2614,
              "state": "passed",
              "speed": "slow",
              "pass": true,
              "fail": false,
              "pending": false,
              "context": null,
              "code": "cy.visit(\"https://map.map4d.vn/\");\ncy.contains('Đăng nhập').click();\ncy.contains('Forgot Password?').click();\ncy.xpath('//*[@id=\"kc-form-options\"]/div/span/a').click();\ncy.contains('Register');",
              "err": {},
              "uuid": "f3805080-e97f-45d0-9549-7e62c0660b39",
              "parentUUID": "6695ef84-0cf0-4036-9651-ae6031ca6f13",
              "isHook": false,
              "skipped": false
            }
          ],
          "suites": [],
          "passes": [
            "f51c375d-6474-4b74-b25c-5143cb4eebcb",
            "587a3682-f7f4-43a4-93de-97e16eff04b5",
            "e28d7e41-7d71-497a-aead-ca5264893530",
            "d6c75426-e852-4c6f-bc66-d29d6fc70e92",
            "f319ce13-f3dd-480b-b5a9-30035bbb6179",
            "05138949-ce26-4564-a976-256c6d98fe50",
            "4b94922e-3141-4b1d-9dc3-ce5583027d7e",
            "c6f2922b-17ca-456d-95e0-f5b49a8771ef",
            "5eecbe65-5cf6-4191-84d4-2c562ddb4474",
            "2fa802fa-3ccc-4126-887e-862ce5dfd0c8",
            "e3a34eed-d57a-4971-8f21-e917439478b0",
            "f61ffb7d-a7ee-4b57-ad6c-85685cfd0e01",
            "f3805080-e97f-45d0-9549-7e62c0660b39"
          ],
          "failures": [],
          "pending": [],
          "skipped": [],
          "duration": 42581,
          "root": false,
          "rootEmpty": false,
          "_timeout": 2000
        }
      ],
      "passes": [],
      "failures": [],
      "pending": [],
      "skipped": [],
      "duration": 0,
      "root": true,
      "rootEmpty": true,
      "_timeout": 2000
    }
  ],
  "meta": {
    "mocha": {
      "version": "7.1.1"
    },
    "mochawesome": {
      "options": {
        "quiet": false,
        "reportFilename": "mochawesome",
        "saveHtml": false,
        "saveJson": true,
        "consoleReporter": "spec",
        "useInlineDiffs": false,
        "code": true
      },
      "version": "5.0.0"
    },
    "marge": {
      "options": {
        "overwrite": false,
        "html": false,
        "json": true
      },
      "version": "4.1.0"
    }
  }
}