{
  "stats": {
    "suites": 1,
    "tests": 13,
    "passes": 13,
    "pending": 0,
    "failures": 0,
    "start": "2022-05-14T12:41:15.507Z",
    "end": "2022-05-14T12:42:48.380Z",
    "duration": 92873,
    "testsRegistered": 13,
    "passPercent": 100,
    "pendingPercent": 0,
    "other": 0,
    "hasOther": false,
    "skipped": 0,
    "hasSkipped": false
  },
  "results": [
    {
      "uuid": "cc836cd5-ff85-487e-b492-44d8b7d657ee",
      "title": "",
      "fullFile": "cypress\\integration\\sign-in\\index.spec.js",
      "file": "cypress\\integration\\sign-in\\index.spec.js",
      "beforeHooks": [],
      "afterHooks": [],
      "tests": [],
      "suites": [
        {
          "uuid": "fe6d7a27-8fae-4528-85fb-d662ba0b646c",
          "title": "Sign-in",
          "fullFile": "",
          "file": "",
          "beforeHooks": [],
          "afterHooks": [],
          "tests": [
            {
              "title": "Visits the map4d website and check login page",
              "fullTitle": "Sign-in Visits the map4d website and check login page",
              "timedOut": null,
              "duration": 11641,
              "state": "passed",
              "speed": "slow",
              "pass": true,
              "fail": false,
              "pending": false,
              "context": null,
              "code": "cy.visit(\"https://map.map4d.vn/\");\ncy.contains('Đăng nhập').click();\ncy.contains('Register');",
              "err": {},
              "uuid": "6e95f19a-7e62-4572-843b-3b8abfb199df",
              "parentUUID": "fe6d7a27-8fae-4528-85fb-d662ba0b646c",
              "isHook": false,
              "skipped": false
            },
            {
              "title": "Visits the map4d website and check login page switch language",
              "fullTitle": "Sign-in Visits the map4d website and check login page switch language",
              "timedOut": null,
              "duration": 2932,
              "state": "passed",
              "speed": "slow",
              "pass": true,
              "fail": false,
              "pending": false,
              "context": null,
              "code": "cy.visit(\"https://map.map4d.vn/\");\ncy.contains('Đăng nhập').click();\ncy.contains('English');",
              "err": {},
              "uuid": "cd8f1023-e041-483f-8ee2-2730abcb883f",
              "parentUUID": "fe6d7a27-8fae-4528-85fb-d662ba0b646c",
              "isHook": false,
              "skipped": false
            },
            {
              "title": "Visits the map4d website and check login page switch language",
              "fullTitle": "Sign-in Visits the map4d website and check login page switch language",
              "timedOut": null,
              "duration": 9412,
              "state": "passed",
              "speed": "slow",
              "pass": true,
              "fail": false,
              "pending": false,
              "context": null,
              "code": "cy.visit(\"https://map.map4d.vn/\");\ncy.contains('Đăng nhập').click();\ncy.contains('English');\ncy.contains('Vietnamese');",
              "err": {},
              "uuid": "b4d636cf-b020-4d92-ae2e-0557c2ab253f",
              "parentUUID": "fe6d7a27-8fae-4528-85fb-d662ba0b646c",
              "isHook": false,
              "skipped": false
            },
            {
              "title": "Visits the map4d website and check login page switch language",
              "fullTitle": "Sign-in Visits the map4d website and check login page switch language",
              "timedOut": null,
              "duration": 2879,
              "state": "passed",
              "speed": "slow",
              "pass": true,
              "fail": false,
              "pending": false,
              "context": null,
              "code": "cy.visit(\"https://map.map4d.vn/\");\ncy.contains('Đăng nhập').click();\ncy.contains('English');\ncy.contains('Vietnamese');",
              "err": {},
              "uuid": "45065180-5363-4abd-b72f-3f1f943d99d3",
              "parentUUID": "fe6d7a27-8fae-4528-85fb-d662ba0b646c",
              "isHook": false,
              "skipped": false
            },
            {
              "title": "Visits the map4d website and check login page switch language",
              "fullTitle": "Sign-in Visits the map4d website and check login page switch language",
              "timedOut": null,
              "duration": 3070,
              "state": "passed",
              "speed": "slow",
              "pass": true,
              "fail": false,
              "pending": false,
              "context": null,
              "code": "cy.visit(\"https://map.map4d.vn/\");\ncy.contains('Đăng nhập').click();\ncy.contains(\"a\", \"English\").realHover('mouse').then(function ($el) {\n  cy.wrap($el).invoke('show');\n  cy.wrap($el).xpath('//*[@id=\"kc-locale-dropdown\"]/ul/li[1]/a').click({\n    force: true\n  });\n});",
              "err": {},
              "uuid": "43021589-6d1e-44f8-b4e6-6136c6cb5218",
              "parentUUID": "fe6d7a27-8fae-4528-85fb-d662ba0b646c",
              "isHook": false,
              "skipped": false
            },
            {
              "title": "Visits the map4d website and check login page switch language",
              "fullTitle": "Sign-in Visits the map4d website and check login page switch language",
              "timedOut": null,
              "duration": 3618,
              "state": "passed",
              "speed": "slow",
              "pass": true,
              "fail": false,
              "pending": false,
              "context": null,
              "code": "cy.visit(\"https://map.map4d.vn/\");\ncy.contains('Đăng nhập').click();\ncy.contains(\"a\", \"English\").realHover('mouse').then(function ($el) {\n  cy.wrap($el).invoke('show');\n  cy.wrap($el).xpath('//*[@id=\"kc-locale-dropdown\"]/ul/li[1]/a').click({\n    force: true\n  });\n});\ncy.wait(1000);\ncy.contains(\"a\", \"Tiếng Việt\").realHover('mouse').then(function ($el) {\n  cy.wrap($el).invoke('show');\n  cy.wrap($el).xpath('//*[@id=\"kc-locale-dropdown\"]/ul/li[2]/a').click({\n    force: true\n  });\n});\ncy.contains('Register');",
              "err": {},
              "uuid": "a75d98ce-98a4-4d12-8d02-90b72bb66ec6",
              "parentUUID": "fe6d7a27-8fae-4528-85fb-d662ba0b646c",
              "isHook": false,
              "skipped": false
            },
            {
              "title": "Visits the map4d website and check login page login failed",
              "fullTitle": "Sign-in Visits the map4d website and check login page login failed",
              "timedOut": null,
              "duration": 4547,
              "state": "passed",
              "speed": "slow",
              "pass": true,
              "fail": false,
              "pending": false,
              "context": null,
              "code": "cy.visit(\"https://map.map4d.vn/\");\ncy.contains('Đăng nhập').click();\ncy.xpath('//*[@id=\"username\"]').type('phamhonghanh2500@gmail.com');\ncy.xpath('//*[@id=\"password\"]').type('Phh!@#02052000');\ncy.xpath('//*[@id=\"kc-login\"]').click();\ncy.contains('Invalid username or password.');",
              "err": {},
              "uuid": "816ebd0b-281f-4174-92cf-67e8ca4cc5cd",
              "parentUUID": "fe6d7a27-8fae-4528-85fb-d662ba0b646c",
              "isHook": false,
              "skipped": false
            },
            {
              "title": "Visits the map4d website and check login page login failed",
              "fullTitle": "Sign-in Visits the map4d website and check login page login failed",
              "timedOut": null,
              "duration": 4519,
              "state": "passed",
              "speed": "slow",
              "pass": true,
              "fail": false,
              "pending": false,
              "context": null,
              "code": "cy.visit(\"https://map.map4d.vn/\");\ncy.contains('Đăng nhập').click();\ncy.xpath('//*[@id=\"username\"]').type('phamhonghanh2500@gmail.com');\ncy.xpath('//*[@id=\"kc-login\"]').click();\ncy.contains('Invalid username or password.');",
              "err": {},
              "uuid": "c5e9ce83-66a4-4ef0-bca7-b6f84701c21c",
              "parentUUID": "fe6d7a27-8fae-4528-85fb-d662ba0b646c",
              "isHook": false,
              "skipped": false
            },
            {
              "title": "Visits the map4d website and check login page login failed",
              "fullTitle": "Sign-in Visits the map4d website and check login page login failed",
              "timedOut": null,
              "duration": 2672,
              "state": "passed",
              "speed": "slow",
              "pass": true,
              "fail": false,
              "pending": false,
              "context": null,
              "code": "cy.visit(\"https://map.map4d.vn/\");\ncy.contains('Đăng nhập').click();\ncy.xpath('//*[@id=\"password\"]').type('Phh!@#02052000');\ncy.xpath('//*[@id=\"kc-login\"]').click();\ncy.contains('Invalid username or password.');",
              "err": {},
              "uuid": "d1b8463b-55fd-4586-84eb-da2365813a63",
              "parentUUID": "fe6d7a27-8fae-4528-85fb-d662ba0b646c",
              "isHook": false,
              "skipped": false
            },
            {
              "title": "Visits the map4d website and check login page login success",
              "fullTitle": "Sign-in Visits the map4d website and check login page login success",
              "timedOut": null,
              "duration": 7441,
              "state": "passed",
              "speed": "slow",
              "pass": true,
              "fail": false,
              "pending": false,
              "context": null,
              "code": "cy.visit(\"https://map.map4d.vn/\");\ncy.contains('Đăng nhập').click();\ncy.xpath('//*[@id=\"username\"]').type('phamhonghanh2500@gmail.com');\ncy.xpath('//*[@id=\"password\"]').type('honghanh020500hhp');\ncy.xpath('//*[@id=\"kc-login\"]').click();\ncy.url().should('include', 'map.map4d.vn');",
              "err": {},
              "uuid": "ed479ca8-0da5-4247-893a-18dd20d77e49",
              "parentUUID": "fe6d7a27-8fae-4528-85fb-d662ba0b646c",
              "isHook": false,
              "skipped": false
            },
            {
              "title": "Visits the map4d website and check login page forgot password",
              "fullTitle": "Sign-in Visits the map4d website and check login page forgot password",
              "timedOut": null,
              "duration": 22447,
              "state": "passed",
              "speed": "slow",
              "pass": true,
              "fail": false,
              "pending": false,
              "context": null,
              "code": "cy.visit(\"https://map.map4d.vn/\");\ncy.contains('Đăng nhập').click();\ncy.contains('Forgot Password?').click();\ncy.xpath('//*[@id=\"username\"]').type('abc');\ncy.xpath('//*[@id=\"kc-form-buttons\"]/input').click();\ncy.contains('You should receive an email shortly with further instructions.');",
              "err": {},
              "uuid": "7751e1cb-6797-4f12-a741-34939382300f",
              "parentUUID": "fe6d7a27-8fae-4528-85fb-d662ba0b646c",
              "isHook": false,
              "skipped": false
            },
            {
              "title": "Visits the map4d website and check login page forgot password",
              "fullTitle": "Sign-in Visits the map4d website and check login page forgot password",
              "timedOut": null,
              "duration": 8407,
              "state": "passed",
              "speed": "slow",
              "pass": true,
              "fail": false,
              "pending": false,
              "context": null,
              "code": "cy.visit(\"https://map.map4d.vn/\");\ncy.contains('Đăng nhập').click();\ncy.contains('Forgot Password?').click();\ncy.xpath('//*[@id=\"username\"]').type('phamhonghanh2500@gmail.com');\ncy.xpath('//*[@id=\"kc-form-buttons\"]/input').click();\ncy.contains('You should receive an email shortly with further instructions.');",
              "err": {},
              "uuid": "b738b7e5-5e3c-4a93-b30c-1c82f09d33e3",
              "parentUUID": "fe6d7a27-8fae-4528-85fb-d662ba0b646c",
              "isHook": false,
              "skipped": false
            },
            {
              "title": "Visits the map4d website and check login page forgot password",
              "fullTitle": "Sign-in Visits the map4d website and check login page forgot password",
              "timedOut": null,
              "duration": 3629,
              "state": "passed",
              "speed": "slow",
              "pass": true,
              "fail": false,
              "pending": false,
              "context": null,
              "code": "cy.visit(\"https://map.map4d.vn/\");\ncy.contains('Đăng nhập').click();\ncy.contains('Forgot Password?').click();\ncy.xpath('//*[@id=\"kc-form-options\"]/div/span/a').click();\ncy.contains('Register');",
              "err": {},
              "uuid": "0f368a60-843f-4073-9610-69aa10371df1",
              "parentUUID": "fe6d7a27-8fae-4528-85fb-d662ba0b646c",
              "isHook": false,
              "skipped": false
            }
          ],
          "suites": [],
          "passes": [
            "6e95f19a-7e62-4572-843b-3b8abfb199df",
            "cd8f1023-e041-483f-8ee2-2730abcb883f",
            "b4d636cf-b020-4d92-ae2e-0557c2ab253f",
            "45065180-5363-4abd-b72f-3f1f943d99d3",
            "43021589-6d1e-44f8-b4e6-6136c6cb5218",
            "a75d98ce-98a4-4d12-8d02-90b72bb66ec6",
            "816ebd0b-281f-4174-92cf-67e8ca4cc5cd",
            "c5e9ce83-66a4-4ef0-bca7-b6f84701c21c",
            "d1b8463b-55fd-4586-84eb-da2365813a63",
            "ed479ca8-0da5-4247-893a-18dd20d77e49",
            "7751e1cb-6797-4f12-a741-34939382300f",
            "b738b7e5-5e3c-4a93-b30c-1c82f09d33e3",
            "0f368a60-843f-4073-9610-69aa10371df1"
          ],
          "failures": [],
          "pending": [],
          "skipped": [],
          "duration": 87214,
          "root": false,
          "rootEmpty": false,
          "_timeout": 2000
        }
      ],
      "passes": [],
      "failures": [],
      "pending": [],
      "skipped": [],
      "duration": 0,
      "root": true,
      "rootEmpty": true,
      "_timeout": 2000
    }
  ],
  "meta": {
    "mocha": {
      "version": "7.1.1"
    },
    "mochawesome": {
      "options": {
        "quiet": false,
        "reportFilename": "mochawesome",
        "saveHtml": false,
        "saveJson": true,
        "consoleReporter": "spec",
        "useInlineDiffs": false,
        "code": true
      },
      "version": "5.0.0"
    },
    "marge": {
      "options": {
        "overwrite": false,
        "html": false,
        "json": true
      },
      "version": "4.1.0"
    }
  }
}