{
  "stats": {
    "suites": 1,
    "tests": 3,
    "passes": 3,
    "pending": 0,
    "failures": 0,
    "start": "2022-05-14T12:37:41.592Z",
    "end": "2022-05-14T12:37:56.802Z",
    "duration": 15210,
    "testsRegistered": 3,
    "passPercent": 100,
    "pendingPercent": 0,
    "other": 0,
    "hasOther": false,
    "skipped": 0,
    "hasSkipped": false
  },
  "results": [
    {
      "uuid": "0877d631-4349-4940-a501-0a26cec5423b",
      "title": "",
      "fullFile": "cypress\\integration\\direct\\index.spec.js",
      "file": "cypress\\integration\\direct\\index.spec.js",
      "beforeHooks": [],
      "afterHooks": [],
      "tests": [],
      "suites": [
        {
          "uuid": "0744caca-361a-48f1-b4cc-788193c28ddf",
          "title": "Directing",
          "fullFile": "",
          "file": "",
          "beforeHooks": [],
          "afterHooks": [],
          "tests": [
            {
              "title": "Visits the map4d website and check it done",
              "fullTitle": "Directing Visits the map4d website and check it done",
              "timedOut": null,
              "duration": 3211,
              "state": "passed",
              "speed": "slow",
              "pass": true,
              "fail": false,
              "pending": false,
              "context": null,
              "code": "cy.visit(\"https://map.map4d.vn/\");\ncy.contains('Đăng nhập');",
              "err": {},
              "uuid": "bc6cbfd5-988d-4582-b5cc-4c16f5641281",
              "parentUUID": "0744caca-361a-48f1-b4cc-788193c28ddf",
              "isHook": false,
              "skipped": false
            },
            {
              "title": "Visits the map4d website and check direct button",
              "fullTitle": "Directing Visits the map4d website and check direct button",
              "timedOut": null,
              "duration": 2043,
              "state": "passed",
              "speed": "slow",
              "pass": true,
              "fail": false,
              "pending": false,
              "context": null,
              "code": "cy.visit(\"https://map.map4d.vn/\");\ncy.xpath('//*[@id=\"root\"]/div/div[2]/div/div[1]/div[1]/button[3]').click();\ncy.contains('Tìm kiếm');",
              "err": {},
              "uuid": "57f29334-8ad8-414a-8a10-1190e70f06b1",
              "parentUUID": "0744caca-361a-48f1-b4cc-788193c28ddf",
              "isHook": false,
              "skipped": false
            },
            {
              "title": "Visits the map4d website and check direct button have distance",
              "fullTitle": "Directing Visits the map4d website and check direct button have distance",
              "timedOut": null,
              "duration": 6858,
              "state": "passed",
              "speed": "slow",
              "pass": true,
              "fail": false,
              "pending": false,
              "context": null,
              "code": "cy.visit(\"https://map.map4d.vn/\");\ncy.xpath('//*[@id=\"root\"]/div/div[2]/div/div[1]/div[1]/button[3]').click();\ncy.xpath('//*[@id=\"root\"]/div/div[2]/div/div/div[2]/div/div[2]/div[1]/div/div/div/div/div').type('230 Hàm Nghi');\ncy.wait(500);\ncy.xpath('/html/body/div[2]/div/ul/li[1]').click();\ncy.xpath('//*[@id=\"root\"]/div/div[2]/div/div/div[2]/div/div[2]/div[2]/div/div/div/div/div').type('459 Tôn đức thắng');\ncy.wait(500);\ncy.xpath('/html/body/div[2]/div/ul/li[1]').click();\ncy.xpath('//*[@id=\"root\"]/div/div[2]/div/div/ul/div[1]/div[2]/div[1]/p').contains('Tuyến đường nhanh nhất');",
              "err": {},
              "uuid": "2751e96f-c192-4589-a5aa-36fd71d2f89b",
              "parentUUID": "0744caca-361a-48f1-b4cc-788193c28ddf",
              "isHook": false,
              "skipped": false
            }
          ],
          "suites": [],
          "passes": [
            "bc6cbfd5-988d-4582-b5cc-4c16f5641281",
            "57f29334-8ad8-414a-8a10-1190e70f06b1",
            "2751e96f-c192-4589-a5aa-36fd71d2f89b"
          ],
          "failures": [],
          "pending": [],
          "skipped": [],
          "duration": 12112,
          "root": false,
          "rootEmpty": false,
          "_timeout": 2000
        }
      ],
      "passes": [],
      "failures": [],
      "pending": [],
      "skipped": [],
      "duration": 0,
      "root": true,
      "rootEmpty": true,
      "_timeout": 2000
    }
  ],
  "meta": {
    "mocha": {
      "version": "7.1.1"
    },
    "mochawesome": {
      "options": {
        "quiet": false,
        "reportFilename": "mochawesome",
        "saveHtml": false,
        "saveJson": true,
        "consoleReporter": "spec",
        "useInlineDiffs": false,
        "code": true
      },
      "version": "5.0.0"
    },
    "marge": {
      "options": {
        "overwrite": false,
        "html": false,
        "json": true
      },
      "version": "4.1.0"
    }
  }
}