{
  "stats": {
    "suites": 1,
    "tests": 5,
    "passes": 5,
    "pending": 0,
    "failures": 0,
    "start": "2022-05-01T17:25:36.448Z",
    "end": "2022-05-01T17:26:03.136Z",
    "duration": 26688,
    "testsRegistered": 5,
    "passPercent": 100,
    "pendingPercent": 0,
    "other": 0,
    "hasOther": false,
    "skipped": 0,
    "hasSkipped": false
  },
  "results": [
    {
      "uuid": "aab5eb1f-3ccb-4314-bc14-a82de1dbaa17",
      "title": "",
      "fullFile": "cypress\\integration\\sing-up\\index.spec.js",
      "file": "cypress\\integration\\sing-up\\index.spec.js",
      "beforeHooks": [],
      "afterHooks": [],
      "tests": [],
      "suites": [
        {
          "uuid": "27285785-2c74-4628-91ec-4c1572e1c150",
          "title": "Sign-up",
          "fullFile": "",
          "file": "",
          "beforeHooks": [],
          "afterHooks": [],
          "tests": [
            {
              "title": "Visits the map4d website and check register page",
              "fullTitle": "Sign-up Visits the map4d website and check register page",
              "timedOut": null,
              "duration": 5552,
              "state": "passed",
              "speed": "slow",
              "pass": true,
              "fail": false,
              "pending": false,
              "context": null,
              "code": "cy.visit(\"https://map.map4d.vn/\");\ncy.contains('Đăng nhập').click();\ncy.contains('Register').click();\ncy.contains('Register');",
              "err": {},
              "uuid": "b15ee062-8314-47da-a252-9218fce7c93a",
              "parentUUID": "27285785-2c74-4628-91ec-4c1572e1c150",
              "isHook": false,
              "skipped": false
            },
            {
              "title": "Visits the map4d website and check register page submit success",
              "fullTitle": "Sign-up Visits the map4d website and check register page submit success",
              "timedOut": null,
              "duration": 8060,
              "state": "passed",
              "speed": "slow",
              "pass": true,
              "fail": false,
              "pending": false,
              "context": null,
              "code": "cy.visit(\"https://map.map4d.vn/\");\ncy.contains('Đăng nhập').click();\ncy.contains('Register').click();\ncy.xpath('//*[@id=\"firstName\"]').type('tun');\ncy.xpath('//*[@id=\"lastName\"]').type('dtrai');\ncy.xpath('//*[@id=\"email\"]').type(\"tundtrai\".concat(new Date().getSeconds(), \"@gmail.com\"));\ncy.xpath('//*[@id=\"password\"]').type('TUNprocutephomaique123123!');\ncy.xpath('//*[@id=\"password-confirm\"]').type('TUNprocutephomaique123123!');\ncy.xpath('//*[@id=\"user.attributes.phone\"]').type('0123456789');\ncy.xpath('//*[@id=\"kc-register-form\"]/div[7]/div[2]/div/div[1]').click();\ncy.xpath('//*[@id=\"kc-register-form\"]/div[7]/div[2]/div/div[2]/div/div[1]').click();\ncy.contains('Register').click();\ncy.contains('You need to verify your email address to activate your account.');",
              "err": {},
              "uuid": "e0abcaa2-5c56-4e64-bc98-3dc1a4aec133",
              "parentUUID": "27285785-2c74-4628-91ec-4c1572e1c150",
              "isHook": false,
              "skipped": false
            },
            {
              "title": "Visits the map4d website and check register page submit false",
              "fullTitle": "Sign-up Visits the map4d website and check register page submit false",
              "timedOut": null,
              "duration": 4795,
              "state": "passed",
              "speed": "slow",
              "pass": true,
              "fail": false,
              "pending": false,
              "context": null,
              "code": "cy.visit(\"https://map.map4d.vn/\");\ncy.contains('Đăng nhập').click();\ncy.contains('Register').click();\ncy.xpath('//*[@id=\"firstName\"]').type('tun');\ncy.xpath('//*[@id=\"lastName\"]').type('dtrai');\ncy.xpath('//*[@id=\"email\"]');\ncy.xpath('//*[@id=\"password\"]').type('TUNprocutephomaique123123!');\ncy.xpath('//*[@id=\"password-confirm\"]').type('TUNprocutephomaique123123!');\ncy.xpath('//*[@id=\"user.attributes.phone\"]').type('0123456789');\ncy.xpath('//*[@id=\"kc-register-form\"]/div[7]/div[2]/div/div[1]').click();\ncy.xpath('//*[@id=\"kc-register-form\"]/div[7]/div[2]/div/div[2]/div/div[1]').click();\ncy.contains('Register').click();\ncy.contains('Please specify email.');",
              "err": {},
              "uuid": "5e6d4f1e-3bc0-4d53-b938-46e36ef70275",
              "parentUUID": "27285785-2c74-4628-91ec-4c1572e1c150",
              "isHook": false,
              "skipped": false
            },
            {
              "title": "Visits the map4d website and check register page submit false",
              "fullTitle": "Sign-up Visits the map4d website and check register page submit false",
              "timedOut": null,
              "duration": 2347,
              "state": "passed",
              "speed": "slow",
              "pass": true,
              "fail": false,
              "pending": false,
              "context": null,
              "code": "cy.visit(\"https://map.map4d.vn/\");\ncy.contains('Đăng nhập').click();\ncy.contains('Register').click();\ncy.xpath('//*[@id=\"firstName\"]').type('tun');\ncy.xpath('//*[@id=\"lastName\"]').type('dtrai');\ncy.xpath('//*[@id=\"email\"]');\ncy.xpath('//*[@id=\"password\"]');\ncy.xpath('//*[@id=\"password-confirm\"]');\ncy.xpath('//*[@id=\"user.attributes.phone\"]').type('0123456789');\ncy.xpath('//*[@id=\"kc-register-form\"]/div[7]/div[2]/div/div[1]').click();\ncy.xpath('//*[@id=\"kc-register-form\"]/div[7]/div[2]/div/div[2]/div/div[1]').click();\ncy.contains('Register').click();\ncy.contains('Please specify password.');",
              "err": {},
              "uuid": "f148a63f-e4fb-4afd-b940-d1e8565a4b4c",
              "parentUUID": "27285785-2c74-4628-91ec-4c1572e1c150",
              "isHook": false,
              "skipped": false
            },
            {
              "title": "Visits the map4d website and check register page submit false",
              "fullTitle": "Sign-up Visits the map4d website and check register page submit false",
              "timedOut": null,
              "duration": 3987,
              "state": "passed",
              "speed": "slow",
              "pass": true,
              "fail": false,
              "pending": false,
              "context": null,
              "code": "cy.visit(\"https://map.map4d.vn/\");\ncy.contains('Đăng nhập').click();\ncy.contains('Register').click();\ncy.xpath('//*[@id=\"firstName\"]').type('tun');\ncy.xpath('//*[@id=\"lastName\"]').type('dtrai');\ncy.xpath('//*[@id=\"email\"]').type('tundtrai@gmail.com');\ncy.xpath('//*[@id=\"password\"]').type('tun123456');\ncy.xpath('//*[@id=\"password-confirm\"]').type('tun123456');\ncy.xpath('//*[@id=\"user.attributes.phone\"]').type('0123456789');\ncy.xpath('//*[@id=\"kc-register-form\"]/div[7]/div[2]/div/div[1]').click();\ncy.xpath('//*[@id=\"kc-register-form\"]/div[7]/div[2]/div/div[2]/div/div[1]').click();\ncy.contains('Register').click();\ncy.contains('Please choose a stronger password. Try a mix of letters, numbers, and symbols.');",
              "err": {},
              "uuid": "5e628cdc-0534-47f4-a2ce-62104a618586",
              "parentUUID": "27285785-2c74-4628-91ec-4c1572e1c150",
              "isHook": false,
              "skipped": false
            }
          ],
          "suites": [],
          "passes": [
            "b15ee062-8314-47da-a252-9218fce7c93a",
            "e0abcaa2-5c56-4e64-bc98-3dc1a4aec133",
            "5e6d4f1e-3bc0-4d53-b938-46e36ef70275",
            "f148a63f-e4fb-4afd-b940-d1e8565a4b4c",
            "5e628cdc-0534-47f4-a2ce-62104a618586"
          ],
          "failures": [],
          "pending": [],
          "skipped": [],
          "duration": 24741,
          "root": false,
          "rootEmpty": false,
          "_timeout": 2000
        }
      ],
      "passes": [],
      "failures": [],
      "pending": [],
      "skipped": [],
      "duration": 0,
      "root": true,
      "rootEmpty": true,
      "_timeout": 2000
    }
  ],
  "meta": {
    "mocha": {
      "version": "7.1.1"
    },
    "mochawesome": {
      "options": {
        "quiet": false,
        "reportFilename": "mochawesome",
        "saveHtml": false,
        "saveJson": true,
        "consoleReporter": "spec",
        "useInlineDiffs": false,
        "code": true
      },
      "version": "5.0.0"
    },
    "marge": {
      "options": {
        "overwrite": false,
        "html": false,
        "json": true
      },
      "version": "4.1.0"
    }
  }
}