{
  "stats": {
    "suites": 1,
    "tests": 5,
    "passes": 5,
    "pending": 0,
    "failures": 0,
    "start": "2022-05-01T15:40:05.221Z",
    "end": "2022-05-01T15:40:48.350Z",
    "duration": 43129,
    "testsRegistered": 5,
    "passPercent": 100,
    "pendingPercent": 0,
    "other": 0,
    "hasOther": false,
    "skipped": 0,
    "hasSkipped": false
  },
  "results": [
    {
      "uuid": "7280885b-66ae-46ad-ab4a-0414f0c54146",
      "title": "",
      "fullFile": "cypress\\integration\\sing-up\\index.spec.js",
      "file": "cypress\\integration\\sing-up\\index.spec.js",
      "beforeHooks": [],
      "afterHooks": [],
      "tests": [],
      "suites": [
        {
          "uuid": "64561e5a-a9b7-4663-a7ca-4fbb23510fd8",
          "title": "Sign-up",
          "fullFile": "",
          "file": "",
          "beforeHooks": [],
          "afterHooks": [],
          "tests": [
            {
              "title": "Visits the map4d website and check register page",
              "fullTitle": "Sign-up Visits the map4d website and check register page",
              "timedOut": null,
              "duration": 6794,
              "state": "passed",
              "speed": "slow",
              "pass": true,
              "fail": false,
              "pending": false,
              "context": null,
              "code": "cy.visit(\"https://map.map4d.vn/\");\ncy.contains('Đăng nhập').click();\ncy.contains('Register').click();\ncy.contains('Register');",
              "err": {},
              "uuid": "b7d678d4-5eba-4907-b6c6-7ebc28a3ff5a",
              "parentUUID": "64561e5a-a9b7-4663-a7ca-4fbb23510fd8",
              "isHook": false,
              "skipped": false
            },
            {
              "title": "Visits the map4d website and check register page submit success",
              "fullTitle": "Sign-up Visits the map4d website and check register page submit success",
              "timedOut": null,
              "duration": 10952,
              "state": "passed",
              "speed": "slow",
              "pass": true,
              "fail": false,
              "pending": false,
              "context": null,
              "code": "cy.visit(\"https://map.map4d.vn/\");\ncy.contains('Đăng nhập').click();\ncy.contains('Register').click();\ncy.xpath('//*[@id=\"firstName\"]').type('tun');\ncy.xpath('//*[@id=\"lastName\"]').type('dtrai');\ncy.xpath('//*[@id=\"email\"]').type(\"tundtrai\".concat(new Date().getSeconds(), \"@gmail.com\"));\ncy.xpath('//*[@id=\"password\"]').type('TUNprocutephomaique123123!');\ncy.xpath('//*[@id=\"password-confirm\"]').type('TUNprocutephomaique123123!');\ncy.xpath('//*[@id=\"user.attributes.phone\"]').type('0123456789');\ncy.xpath('//*[@id=\"kc-register-form\"]/div[7]/div[2]/div/div[1]').click();\ncy.xpath('//*[@id=\"kc-register-form\"]/div[7]/div[2]/div/div[2]/div/div[1]').click();\ncy.contains('Register').click();\ncy.contains('You need to verify your email address to activate your account.');",
              "err": {},
              "uuid": "d087139d-e1de-4017-87c9-2bad400b8c4c",
              "parentUUID": "64561e5a-a9b7-4663-a7ca-4fbb23510fd8",
              "isHook": false,
              "skipped": false
            },
            {
              "title": "Visits the map4d website and check register page submit false",
              "fullTitle": "Sign-up Visits the map4d website and check register page submit false",
              "timedOut": null,
              "duration": 6455,
              "state": "passed",
              "speed": "slow",
              "pass": true,
              "fail": false,
              "pending": false,
              "context": null,
              "code": "cy.visit(\"https://map.map4d.vn/\");\ncy.contains('Đăng nhập').click();\ncy.contains('Register').click();\ncy.xpath('//*[@id=\"firstName\"]').type('tun');\ncy.xpath('//*[@id=\"lastName\"]').type('dtrai');\ncy.xpath('//*[@id=\"email\"]');\ncy.xpath('//*[@id=\"password\"]').type('TUNprocutephomaique123123!');\ncy.xpath('//*[@id=\"password-confirm\"]').type('TUNprocutephomaique123123!');\ncy.xpath('//*[@id=\"user.attributes.phone\"]').type('0123456789');\ncy.xpath('//*[@id=\"kc-register-form\"]/div[7]/div[2]/div/div[1]').click();\ncy.xpath('//*[@id=\"kc-register-form\"]/div[7]/div[2]/div/div[2]/div/div[1]').click();\ncy.contains('Register').click();\ncy.contains('Please specify email.');",
              "err": {},
              "uuid": "5a7e77c1-c934-493b-a6f3-de91ba306e80",
              "parentUUID": "64561e5a-a9b7-4663-a7ca-4fbb23510fd8",
              "isHook": false,
              "skipped": false
            },
            {
              "title": "Visits the map4d website and check register page submit false",
              "fullTitle": "Sign-up Visits the map4d website and check register page submit false",
              "timedOut": null,
              "duration": 6707,
              "state": "passed",
              "speed": "slow",
              "pass": true,
              "fail": false,
              "pending": false,
              "context": null,
              "code": "cy.visit(\"https://map.map4d.vn/\");\ncy.contains('Đăng nhập').click();\ncy.contains('Register').click();\ncy.xpath('//*[@id=\"firstName\"]').type('tun');\ncy.xpath('//*[@id=\"lastName\"]').type('dtrai');\ncy.xpath('//*[@id=\"email\"]');\ncy.xpath('//*[@id=\"password\"]');\ncy.xpath('//*[@id=\"password-confirm\"]');\ncy.xpath('//*[@id=\"user.attributes.phone\"]').type('0123456789');\ncy.xpath('//*[@id=\"kc-register-form\"]/div[7]/div[2]/div/div[1]').click();\ncy.xpath('//*[@id=\"kc-register-form\"]/div[7]/div[2]/div/div[2]/div/div[1]').click();\ncy.contains('Register').click();\ncy.contains('Please specify password.');",
              "err": {},
              "uuid": "1094888f-2dc7-421b-bb83-432a474737a3",
              "parentUUID": "64561e5a-a9b7-4663-a7ca-4fbb23510fd8",
              "isHook": false,
              "skipped": false
            },
            {
              "title": "Visits the map4d website and check register page submit false",
              "fullTitle": "Sign-up Visits the map4d website and check register page submit false",
              "timedOut": null,
              "duration": 8912,
              "state": "passed",
              "speed": "slow",
              "pass": true,
              "fail": false,
              "pending": false,
              "context": null,
              "code": "cy.visit(\"https://map.map4d.vn/\");\ncy.contains('Đăng nhập').click();\ncy.contains('Register').click();\ncy.xpath('//*[@id=\"firstName\"]').type('tun');\ncy.xpath('//*[@id=\"lastName\"]').type('dtrai');\ncy.xpath('//*[@id=\"email\"]').type('tundtrai@gmail.com');\ncy.xpath('//*[@id=\"password\"]').type('tun123456');\ncy.xpath('//*[@id=\"password-confirm\"]').type('tun123456');\ncy.xpath('//*[@id=\"user.attributes.phone\"]').type('0123456789');\ncy.xpath('//*[@id=\"kc-register-form\"]/div[7]/div[2]/div/div[1]').click();\ncy.xpath('//*[@id=\"kc-register-form\"]/div[7]/div[2]/div/div[2]/div/div[1]').click();\ncy.contains('Register').click();\ncy.contains('Please choose a stronger password. Try a mix of letters, numbers, and symbols.');",
              "err": {},
              "uuid": "fa7e7fa4-3825-40be-b518-a60913321991",
              "parentUUID": "64561e5a-a9b7-4663-a7ca-4fbb23510fd8",
              "isHook": false,
              "skipped": false
            }
          ],
          "suites": [],
          "passes": [
            "b7d678d4-5eba-4907-b6c6-7ebc28a3ff5a",
            "d087139d-e1de-4017-87c9-2bad400b8c4c",
            "5a7e77c1-c934-493b-a6f3-de91ba306e80",
            "1094888f-2dc7-421b-bb83-432a474737a3",
            "fa7e7fa4-3825-40be-b518-a60913321991"
          ],
          "failures": [],
          "pending": [],
          "skipped": [],
          "duration": 39820,
          "root": false,
          "rootEmpty": false,
          "_timeout": 2000
        }
      ],
      "passes": [],
      "failures": [],
      "pending": [],
      "skipped": [],
      "duration": 0,
      "root": true,
      "rootEmpty": true,
      "_timeout": 2000
    }
  ],
  "meta": {
    "mocha": {
      "version": "7.1.1"
    },
    "mochawesome": {
      "options": {
        "quiet": false,
        "reportFilename": "mochawesome",
        "saveHtml": false,
        "saveJson": true,
        "consoleReporter": "spec",
        "useInlineDiffs": false,
        "code": true
      },
      "version": "5.0.0"
    },
    "marge": {
      "options": {
        "overwrite": false,
        "html": false,
        "json": true
      },
      "version": "4.1.0"
    }
  }
}